Start time: 2020-12-05 10:42:14.540319
Opened all files
Running: uptime.py
- Inizialize files
	- Inizialized csv_unchecked2
	- Inizialize uptime file
	- Inizialized uptime history file
	- Inizialized uptime file
- Run core
	- My PC, debug option
		- Istructions: Win32_OperatingSystem
Unchecked PC updated
End time: 2020-12-05 10:42:19.161399
Total time: 0:00:04.621080

Start time: 2020-12-05 10:42:42.598764
Opened all files
Running: uptime.py
- Inizialize files
	- Inizialized csv_unchecked2
	- Inizialize uptime file
	- Inizialized uptime file
- Run core
	- My PC, debug option
		- Istructions: Win32_OperatingSystem
Unchecked PC updated
End time: 2020-12-05 10:42:47.225333
Total time: 0:00:04.626569

Start time: 2020-12-05 10:42:57.860166
Opened all files
Running: uptime.py
- Inizialize files
	- Inizialized csv_unchecked2
	- Inizialize uptime file
	- Inizialized uptime file
- Run core
	- My PC, debug option
		- Istructions: Win32_PerfFormattedData_PerfOS_System
Unchecked PC updated
End time: 2020-12-05 10:43:02.482582
Total time: 0:00:04.622416

Start time: 2020-12-05 10:43:08.122508
Opened all files
Running: uptime.py
- Inizialize files
	- Inizialized csv_unchecked2
	- Inizialize uptime file
	- Inizialized uptime file
- Run core
	- My PC, debug option
		- Istructions: Win32_PerfFormattedData_PerfOS_System
Unchecked PC updated
End time: 2020-12-05 10:43:12.716067
Total time: 0:00:04.593559

	Start time: 2020-12-05 10:44:26.875211
	Opened all files
	Running: uptime.py
	- Inizialize files
		- Inizialized csv_unchecked2
		- Inizialize uptime file
		- Inizialized uptime file
	- Run core
		- My PC, debug option
			- Istructions: Win32_PerfFormattedData_PerfOS_System
	Unchecked PC updated
	End time: 2020-12-05 10:44:31.775531
	Total time: 0:00:04.900320

	Start time: 2020-12-05 10:45:17.510349
	Opened all files
	Running: uptime.py
	- Inizialize files
		- Inizialized csv_unchecked2
		- Inizialize uptime file
		- Inizialized uptime file
	- Run core
		- My PC, debug option
			- Istructions: Win32_PerfFormattedData_PerfOS_System
	Unchecked PC updated
	End time: 2020-12-05 10:45:22.094340
	Total time: 0:00:04.583991

	Start time: 2020-12-05 10:45:41.557978
	Opened all files
	Running: uptime.py
	- Inizialize files
		- Inizialized csv_unchecked2
		- Inizialize uptime file
		- Inizialized uptime file
	- Run core
		- My PC, debug option
			- Istructions: Win32_PerfFormattedData_PerfOS_System
	Unchecked PC updated
	End time: 2020-12-05 10:45:46.156045
	Total time: 0:00:04.598067

	Start time: 2020-12-05 10:46:00.166110
	Opened all files
	Running: uptime.py
	- Inizialize files
		- Inizialized csv_unchecked2
		- Inizialize uptime file
		- Inizialized uptime file
	- Run core
		- My PC, debug option
			- Istructions: Win32_PerfFormattedData_PerfOS_System
	Unchecked PC updated
	End time: 2020-12-05 10:46:04.754210
	Total time: 0:00:04.588100

	Start time: 2020-12-05 10:46:35.209554
	Opened all files
	Running: uptime.py
	- Inizialize files
		- Inizialized csv_unchecked2
		- Inizialize uptime file
		- Inizialized uptime file
	- Run core
		- My PC, debug option
			- Istructions: Win32_PerfFormattedData_PerfOS_System
	Unchecked PC updated
	End time: 2020-12-05 10:46:39.806550
	Total time: 0:00:04.596996

	Start time: 2020-12-05 10:47:22.907247
	Opened all files
	Running: uptime.py
	- Inizialize files
		- Inizialized csv_unchecked2
		- Inizialize uptime file
		- Inizialized uptime file
	- Run core
		- My PC, debug option
			- Istructions: Win32_PerfFormattedData_PerfOS_System
	Unchecked PC updated
	End time: 2020-12-05 10:47:27.509424
	Total time: 0:00:04.602177

	Start time: 2020-12-05 10:48:07.152281
	Opened all files
	Running: uptime.py
	- Inizialize files
		- Inizialized csv_unchecked2
		- Inizialize uptime file
		- Inizialized uptime file
	- Run core
		- localhost
			- Istructions: Win32_PerfFormattedData_PerfOS_System
	Unchecked PC updated
	End time: 2020-12-05 10:48:16.742669
	Total time: 0:00:09.590388

	Start time: 2020-12-05 10:48:46.583349
	Opened all files
	Running: uptime.py
	- Inizialize files
		- Inizialized csv_unchecked2
		- Inizialize uptime file
		- Inizialized uptime file
	- Run core
		- localhost
			- Istructions: Win32_PerfFormattedData_PerfOS_System
	Unchecked PC updated
	End time: 2020-12-05 10:48:55.979962
	Total time: 0:00:09.396613

	Start time: 05/12/2020 13:23:44
	End time: 05/12/2020 13:23:44

	Start time: 05/12/2020 13:26:13
	Opened all files
	Running: updatepending.vbs
	End time: 05/12/2020 13:26:13

	Start time: 05/12/2020 13:26:34
	Opened all files
	Running: updatepending.vbs
	End time: 05/12/2020 13:26:34

	Start time: 05/12/2020 13:27:18
	Opened all files
	Running: updatepending.vbs
	End time: 05/12/2020 13:27:18
	Total time: 0,0078125

	Start time: 05/12/2020 13:27:34
	Opened all files
	Running: updatepending.vbs
	End time: 05/12/2020 13:27:34
	Total time: 0,0078125

	Start time: 05/12/2020 13:27:36
	Opened all files
	Running: updatepending.vbs
	End time: 05/12/2020 13:27:36
	Total time: 3,90625E-03

	Start time: 05/12/2020 13:34:05
	Opened all files
	Running: updatepending.vbs
	End time: 05/12/2020 13:34:05
	Total time: 0,0078125

	Start time: 05/12/2020 13:37:14
	Opened all files
	Running: updatepending.vbs
	End time: 05/12/2020 13:37:22
	Total time: 8,699219
	
	Start time: 05/12/2020 13:46:27
	Opened all files
	Running: updatepending.vbs
	Search updates
	Start time: 05/12/2020 13:48:22
	Opened all files
	Running: updatepending.vbs
	Search updates
	Start time: 05/12/2020 13:48:49
	Opened all files
	Running: updatepending.vbs
	Search updates
	Updates:
	Start time: 05/12/2020 13:49:52
	Opened all files
	Running: updatepending.vbs
	Search updates
	Updates:
	1. 2020-11 Cumulative Update Preview for .NET Framework 3.5 and 4.8 for Windows 10 Version 2004 for x64 (KB4586876)
	2. Security Intelligence Update for Microsoft Defender Antivirus - KB2267602 (Version 1.327.2110.0)
	3. INTEL - System - 7/18/1968 12:00:00 AM - 10.1.5.2
	4. INTEL - System - 7/18/1968 12:00:00 AM - 10.1.5.2
	5. Intel - System - 12/12/2018 12:00:00 AM - 8.5.10103.7263
	6. Intel - System - 12/12/2018 12:00:00 AM - 8.5.10103.7263
	7. INTEL - System - 7/18/1968 12:00:00 AM - 10.1.7.3
	8. INTEL - System - 7/18/1968 12:00:00 AM - 10.1.10.4
	9. Advanced Micro Devices, Inc. - Display - 4/9/2019 12:00:00 AM - 26.20.11002.12
	10. Realtek - Net - 12/6/2018 12:00:00 AM - 10.32.1206.2018
	11. Realtek Semiconductor Corp. - USB - 3/5/2019 12:00:00 AM - 10.0.17763.31246
	12. SAMSUNG Electronics Co., Ltd.  - Modem - 2.17.6.0
	13. SAMSUNG Electronics Co., Ltd.  - USB - 2.17.6.0
	End time: 05/12/2020 13:50:00
	Total time: 7,984375
	
	Start time: 05/12/2020 13:50:29
	Opened all files
	Running: updatepending.vbs
	Search updates
	Updates:
		1. 2020-11 Cumulative Update Preview for .NET Framework 3.5 and 4.8 for Windows 10 Version 2004 for x64 (KB4586876)
		2. Security Intelligence Update for Microsoft Defender Antivirus - KB2267602 (Version 1.327.2110.0)
		3. INTEL - System - 7/18/1968 12:00:00 AM - 10.1.5.2
		4. INTEL - System - 7/18/1968 12:00:00 AM - 10.1.5.2
		5. Intel - System - 12/12/2018 12:00:00 AM - 8.5.10103.7263
		6. Intel - System - 12/12/2018 12:00:00 AM - 8.5.10103.7263
		7. INTEL - System - 7/18/1968 12:00:00 AM - 10.1.7.3
		8. INTEL - System - 7/18/1968 12:00:00 AM - 10.1.10.4
		9. Advanced Micro Devices, Inc. - Display - 4/9/2019 12:00:00 AM - 26.20.11002.12
		10. Realtek - Net - 12/6/2018 12:00:00 AM - 10.32.1206.2018
		11. Realtek Semiconductor Corp. - USB - 3/5/2019 12:00:00 AM - 10.0.17763.31246
		12. SAMSUNG Electronics Co., Ltd.  - Modem - 2.17.6.0
		13. SAMSUNG Electronics Co., Ltd.  - USB - 2.17.6.0
	End time: 05/12/2020 13:50:37
	Total time: 8,351563
	
	Start time: 05/12/2020 13:52:48
	Opened all files
	Running: updatepending.vbs
	Search updates
	Updates:
		1. 2020-11 Cumulative Update Preview for .NET Framework 3.5 and 4.8 for Windows 10 Version 2004 for x64 (KB4586876)
		2. Security Intelligence Update for Microsoft Defender Antivirus - KB2267602 (Version 1.327.2110.0)
		3. INTEL - System - 7/18/1968 12:00:00 AM - 10.1.5.2
		4. INTEL - System - 7/18/1968 12:00:00 AM - 10.1.5.2
		5. Intel - System - 12/12/2018 12:00:00 AM - 8.5.10103.7263
		6. Intel - System - 12/12/2018 12:00:00 AM - 8.5.10103.7263
		7. INTEL - System - 7/18/1968 12:00:00 AM - 10.1.7.3
		8. INTEL - System - 7/18/1968 12:00:00 AM - 10.1.10.4
		9. Advanced Micro Devices, Inc. - Display - 4/9/2019 12:00:00 AM - 26.20.11002.12
		10. Realtek - Net - 12/6/2018 12:00:00 AM - 10.32.1206.2018
		11. Realtek Semiconductor Corp. - USB - 3/5/2019 12:00:00 AM - 10.0.17763.31246
		12. SAMSUNG Electronics Co., Ltd.  - Modem - 2.17.6.0
		13. SAMSUNG Electronics Co., Ltd.  - USB - 2.17.6.0
	Start time: 05/12/2020 13:53:21
	Opened all files
	Running: updatepending.vbs
	Search updates
	Updates:
		1. 2020-11 Cumulative Update Preview for .NET Framework 3.5 and 4.8 for Windows 10 Version 2004 for x64 (KB4586876)
		2. Security Intelligence Update for Microsoft Defender Antivirus - KB2267602 (Version 1.327.2110.0)
		3. INTEL - System - 7/18/1968 12:00:00 AM - 10.1.5.2
		4. INTEL - System - 7/18/1968 12:00:00 AM - 10.1.5.2
		5. Intel - System - 12/12/2018 12:00:00 AM - 8.5.10103.7263
		6. Intel - System - 12/12/2018 12:00:00 AM - 8.5.10103.7263
		7. INTEL - System - 7/18/1968 12:00:00 AM - 10.1.7.3
		8. INTEL - System - 7/18/1968 12:00:00 AM - 10.1.10.4
		9. Advanced Micro Devices, Inc. - Display - 4/9/2019 12:00:00 AM - 26.20.11002.12
		10. Realtek - Net - 12/6/2018 12:00:00 AM - 10.32.1206.2018
		11. Realtek Semiconductor Corp. - USB - 3/5/2019 12:00:00 AM - 10.0.17763.31246
		12. SAMSUNG Electronics Co., Ltd.  - Modem - 2.17.6.0
		13. SAMSUNG Electronics Co., Ltd.  - USB - 2.17.6.0
	Chack if rebootis necessary
	End time: 05/12/2020 13:53:31
	Total time: 9,328125
	
	Start time: 05/12/2020 13:53:53
	Opened all files
	Running: updatepending.vbs
	Search updates
	Updates:
		1. 2020-11 Cumulative Update Preview for .NET Framework 3.5 and 4.8 for Windows 10 Version 2004 for x64 (KB4586876)
		2. Security Intelligence Update for Microsoft Defender Antivirus - KB2267602 (Version 1.327.2110.0)
		3. INTEL - System - 7/18/1968 12:00:00 AM - 10.1.5.2
		4. INTEL - System - 7/18/1968 12:00:00 AM - 10.1.5.2
		5. Intel - System - 12/12/2018 12:00:00 AM - 8.5.10103.7263
		6. Intel - System - 12/12/2018 12:00:00 AM - 8.5.10103.7263
		7. INTEL - System - 7/18/1968 12:00:00 AM - 10.1.7.3
		8. INTEL - System - 7/18/1968 12:00:00 AM - 10.1.10.4
		9. Advanced Micro Devices, Inc. - Display - 4/9/2019 12:00:00 AM - 26.20.11002.12
		10. Realtek - Net - 12/6/2018 12:00:00 AM - 10.32.1206.2018
		11. Realtek Semiconductor Corp. - USB - 3/5/2019 12:00:00 AM - 10.0.17763.31246
		12. SAMSUNG Electronics Co., Ltd.  - Modem - 2.17.6.0
		13. SAMSUNG Electronics Co., Ltd.  - USB - 2.17.6.0
	Check if rebootis necessary
	End time: 05/12/2020 13:54:17
	Total time: 24,11719
	
	Start time: 05/12/2020 13:58:50
	Opened all files
	Running: updatepending.vbs
	Search updates
	Updates:
		1. 2020-11 Cumulative Update Preview for .NET Framework 3.5 and 4.8 for Windows 10 Version 2004 for x64 (KB4586876)
		2. Security Intelligence Update for Microsoft Defender Antivirus - KB2267602 (Version 1.327.2110.0)
		3. INTEL - System - 7/18/1968 12:00:00 AM - 10.1.5.2
		4. INTEL - System - 7/18/1968 12:00:00 AM - 10.1.5.2
		5. Intel - System - 12/12/2018 12:00:00 AM - 8.5.10103.7263
		6. Intel - System - 12/12/2018 12:00:00 AM - 8.5.10103.7263
		7. INTEL - System - 7/18/1968 12:00:00 AM - 10.1.7.3
		8. INTEL - System - 7/18/1968 12:00:00 AM - 10.1.10.4
		9. Advanced Micro Devices, Inc. - Display - 4/9/2019 12:00:00 AM - 26.20.11002.12
		10. Realtek - Net - 12/6/2018 12:00:00 AM - 10.32.1206.2018
		11. Realtek Semiconductor Corp. - USB - 3/5/2019 12:00:00 AM - 10.0.17763.31246
		12. SAMSUNG Electronics Co., Ltd.  - Modem - 2.17.6.0
		13. SAMSUNG Electronics Co., Ltd.  - USB - 2.17.6.0
	Check if rebootis necessary
	End time: 05/12/2020 13:59:05
	Total time: 14,83203
	
	Start time: 05/12/2020 13:59:43
	Opened all files
	Running: updatepending.vbs
	Search updates
	Updates:
		1. 2020-11 Cumulative Update Preview for .NET Framework 3.5 and 4.8 for Windows 10 Version 2004 for x64 (KB4586876)
		2. Security Intelligence Update for Microsoft Defender Antivirus - KB2267602 (Version 1.327.2110.0)
		3. INTEL - System - 7/18/1968 12:00:00 AM - 10.1.5.2
		4. INTEL - System - 7/18/1968 12:00:00 AM - 10.1.5.2
		5. Intel - System - 12/12/2018 12:00:00 AM - 8.5.10103.7263
		6. Intel - System - 12/12/2018 12:00:00 AM - 8.5.10103.7263
		7. INTEL - System - 7/18/1968 12:00:00 AM - 10.1.7.3
		8. INTEL - System - 7/18/1968 12:00:00 AM - 10.1.10.4
		9. Advanced Micro Devices, Inc. - Display - 4/9/2019 12:00:00 AM - 26.20.11002.12
		10. Realtek - Net - 12/6/2018 12:00:00 AM - 10.32.1206.2018
		11. Realtek Semiconductor Corp. - USB - 3/5/2019 12:00:00 AM - 10.0.17763.31246
		12. SAMSUNG Electronics Co., Ltd.  - Modem - 2.17.6.0
		13. SAMSUNG Electronics Co., Ltd.  - USB - 2.17.6.0
	Check if rebootis necessary
	End time: 05/12/2020 13:59:52
	Total time: 9,625
	
	Start time: 05/12/2020 14:00:15
	Opened all files
	Running: updatepending.vbs
	Search updates
	Updates:
		1. 2020-11 Cumulative Update Preview for .NET Framework 3.5 and 4.8 for Windows 10 Version 2004 for x64 (KB4586876)
		2. Security Intelligence Update for Microsoft Defender Antivirus - KB2267602 (Version 1.327.2110.0)
		3. INTEL - System - 7/18/1968 12:00:00 AM - 10.1.5.2
		4. INTEL - System - 7/18/1968 12:00:00 AM - 10.1.5.2
		5. Intel - System - 12/12/2018 12:00:00 AM - 8.5.10103.7263
		6. Intel - System - 12/12/2018 12:00:00 AM - 8.5.10103.7263
		7. INTEL - System - 7/18/1968 12:00:00 AM - 10.1.7.3
		8. INTEL - System - 7/18/1968 12:00:00 AM - 10.1.10.4
		9. Advanced Micro Devices, Inc. - Display - 4/9/2019 12:00:00 AM - 26.20.11002.12
		10. Realtek - Net - 12/6/2018 12:00:00 AM - 10.32.1206.2018
		11. Realtek Semiconductor Corp. - USB - 3/5/2019 12:00:00 AM - 10.0.17763.31246
		12. SAMSUNG Electronics Co., Ltd.  - Modem - 2.17.6.0
		13. SAMSUNG Electronics Co., Ltd.  - USB - 2.17.6.0
	Check if reboot is necessary
	End time: 05/12/2020 14:00:24
	Total time: 8,609375
	
	Start time: 05/12/2020 14:00:48
	Opened all files
	Running: updatepending.vbs
	Search updates
	Updates:
		1. 2020-11 Cumulative Update Preview for .NET Framework 3.5 and 4.8 for Windows 10 Version 2004 for x64 (KB4586876)
		2. Security Intelligence Update for Microsoft Defender Antivirus - KB2267602 (Version 1.327.2110.0)
		3. INTEL - System - 7/18/1968 12:00:00 AM - 10.1.5.2
		4. INTEL - System - 7/18/1968 12:00:00 AM - 10.1.5.2
		5. Intel - System - 12/12/2018 12:00:00 AM - 8.5.10103.7263
		6. Intel - System - 12/12/2018 12:00:00 AM - 8.5.10103.7263
		7. INTEL - System - 7/18/1968 12:00:00 AM - 10.1.7.3
		8. INTEL - System - 7/18/1968 12:00:00 AM - 10.1.10.4
		9. Advanced Micro Devices, Inc. - Display - 4/9/2019 12:00:00 AM - 26.20.11002.12
		10. Realtek - Net - 12/6/2018 12:00:00 AM - 10.32.1206.2018
		11. Realtek Semiconductor Corp. - USB - 3/5/2019 12:00:00 AM - 10.0.17763.31246
		12. SAMSUNG Electronics Co., Ltd.  - Modem - 2.17.6.0
		13. SAMSUNG Electronics Co., Ltd.  - USB - 2.17.6.0
	Check if reboot is necessary
	End time: 05/12/2020 14:00:57
	Total time: 9,261719
	
	Start time: 05/12/2020 14:02:00
	Opened all files
	Running: updatepending.vbs
	Search updates
	Updates:
		1. 2020-11 Cumulative Update Preview for .NET Framework 3.5 and 4.8 for Windows 10 Version 2004 for x64 (KB4586876)
		2. Security Intelligence Update for Microsoft Defender Antivirus - KB2267602 (Version 1.327.2110.0)
		3. INTEL - System - 7/18/1968 12:00:00 AM - 10.1.5.2
		4. INTEL - System - 7/18/1968 12:00:00 AM - 10.1.5.2
		5. Intel - System - 12/12/2018 12:00:00 AM - 8.5.10103.7263
		6. Intel - System - 12/12/2018 12:00:00 AM - 8.5.10103.7263
		7. INTEL - System - 7/18/1968 12:00:00 AM - 10.1.7.3
		8. INTEL - System - 7/18/1968 12:00:00 AM - 10.1.10.4
		9. Advanced Micro Devices, Inc. - Display - 4/9/2019 12:00:00 AM - 26.20.11002.12
		10. Realtek - Net - 12/6/2018 12:00:00 AM - 10.32.1206.2018
		11. Realtek Semiconductor Corp. - USB - 3/5/2019 12:00:00 AM - 10.0.17763.31246
		12. SAMSUNG Electronics Co., Ltd.  - Modem - 2.17.6.0
		13. SAMSUNG Electronics Co., Ltd.  - USB - 2.17.6.0
	Check if reboot is necessary
	End time: 05/12/2020 14:02:10
	Total time: 9,839844
	
	Start time: 05/12/2020 14:04:08
	Opened all files
	Running: updatepending.vbs
	Search updates
	Updates:
		1. 2020-11 Cumulative Update Preview for .NET Framework 3.5 and 4.8 for Windows 10 Version 2004 for x64 (KB4586876)
		2. Security Intelligence Update for Microsoft Defender Antivirus - KB2267602 (Version 1.327.2110.0)
		3. INTEL - System - 7/18/1968 12:00:00 AM - 10.1.5.2
		4. INTEL - System - 7/18/1968 12:00:00 AM - 10.1.5.2
		5. Intel - System - 12/12/2018 12:00:00 AM - 8.5.10103.7263
		6. Intel - System - 12/12/2018 12:00:00 AM - 8.5.10103.7263
		7. INTEL - System - 7/18/1968 12:00:00 AM - 10.1.7.3
		8. INTEL - System - 7/18/1968 12:00:00 AM - 10.1.10.4
		9. Advanced Micro Devices, Inc. - Display - 4/9/2019 12:00:00 AM - 26.20.11002.12
		10. Realtek - Net - 12/6/2018 12:00:00 AM - 10.32.1206.2018
		11. Realtek Semiconductor Corp. - USB - 3/5/2019 12:00:00 AM - 10.0.17763.31246
		12. SAMSUNG Electronics Co., Ltd.  - Modem - 2.17.6.0
		13. SAMSUNG Electronics Co., Ltd.  - USB - 2.17.6.0
	Check if rebootis necessary
	End time: 05/12/2020 14:04:18
	Total time: 9,8125
	
	Start time: 05/12/2020 14:05:03
	Opened all files
	Running: updatepending.vbs
	Search updates
	Updates:
		1. 2020-11 Cumulative Update Preview for .NET Framework 3.5 and 4.8 for Windows 10 Version 2004 for x64 (KB4586876)
		2. Security Intelligence Update for Microsoft Defender Antivirus - KB2267602 (Version 1.327.2110.0)
		3. INTEL - System - 7/18/1968 12:00:00 AM - 10.1.5.2
		4. INTEL - System - 7/18/1968 12:00:00 AM - 10.1.5.2
		5. Intel - System - 12/12/2018 12:00:00 AM - 8.5.10103.7263
		6. Intel - System - 12/12/2018 12:00:00 AM - 8.5.10103.7263
		7. INTEL - System - 7/18/1968 12:00:00 AM - 10.1.7.3
		8. INTEL - System - 7/18/1968 12:00:00 AM - 10.1.10.4
		9. Advanced Micro Devices, Inc. - Display - 4/9/2019 12:00:00 AM - 26.20.11002.12
		10. Realtek - Net - 12/6/2018 12:00:00 AM - 10.32.1206.2018
		11. Realtek Semiconductor Corp. - USB - 3/5/2019 12:00:00 AM - 10.0.17763.31246
		12. SAMSUNG Electronics Co., Ltd.  - Modem - 2.17.6.0
		13. SAMSUNG Electronics Co., Ltd.  - USB - 2.17.6.0
	Check if rebootis necessary
	Update necessary
	You didn't want reboot your PC
	End time: 05/12/2020 14:05:15
	Total time: 12,84766
	
	Start time: 05/12/2020 14:07:03
	Opened all files
	Running: updatepending.vbs
	Search updates
	Updates:
		1. 2020-11 Cumulative Update Preview for .NET Framework 3.5 and 4.8 for Windows 10 Version 2004 for x64 (KB4586876)
		2. Security Intelligence Update for Microsoft Defender Antivirus - KB2267602 (Version 1.327.2110.0)
		3. INTEL - System - 7/18/1968 12:00:00 AM - 10.1.5.2
		4. INTEL - System - 7/18/1968 12:00:00 AM - 10.1.5.2
		5. Intel - System - 12/12/2018 12:00:00 AM - 8.5.10103.7263
		6. Intel - System - 12/12/2018 12:00:00 AM - 8.5.10103.7263
		7. INTEL - System - 7/18/1968 12:00:00 AM - 10.1.7.3
		8. INTEL - System - 7/18/1968 12:00:00 AM - 10.1.10.4
		9. Advanced Micro Devices, Inc. - Display - 4/9/2019 12:00:00 AM - 26.20.11002.12
		10. Realtek - Net - 12/6/2018 12:00:00 AM - 10.32.1206.2018
		11. Realtek Semiconductor Corp. - USB - 3/5/2019 12:00:00 AM - 10.0.17763.31246
		12. SAMSUNG Electronics Co., Ltd.  - Modem - 2.17.6.0
		13. SAMSUNG Electronics Co., Ltd.  - USB - 2.17.6.0
	Check if rebootis necessary
	Update necessary
	Rebooting
	End time: 05/12/2020 14:07:13
	Total time: 10,03125
	
	Start time: 2020-12-05 14:29:23.711154
	Opened all files
	Running: uptime.py
	- Inizialize files
		- Inizialized csv_unchecked2
		- Inizialize uptime file
		- Inizialized uptime file
	- Run core
		- localhost
			- Istructions: Win32_PerfFormattedData_PerfOS_System
	Unchecked PC updated
	End time: 2020-12-05 14:29:57.546113
	Total time: 0:00:33.834959

Start time: 05/12/2020 14:31:19,10 
	Start time: 2020-12-05 14:31:19.345261
	Opened all files
	Running: uptime.py
	- Inizialize files
		- Inizialized csv_unchecked2
		- Inizialize uptime file
		- Inizialized uptime file
	- Run core
		- localhost
			- Istructions: Win32_PerfFormattedData_PerfOS_System
	Unchecked PC updated
	End time: 2020-12-05 14:31:28.996142
	Total time: 0:00:09.650881

Start time: 05/12/2020 14:31:49,74 
	Start time: 2020-12-05 14:31:49.983067
	Opened all files
	Running: uptime.py
	- Inizialize files
		- Inizialized csv_unchecked2
		- Inizialize uptime file
		- Inizialized uptime file
	- Run core
		- localhost
			- Istructions: Win32_PerfFormattedData_PerfOS_System
	Unchecked PC updated
	End time: 2020-12-05 14:31:59.414348
	Total time: 0:00:09.431281

Start time: 05/12/2020 14:32:10,88 
	Start time: 2020-12-05 14:32:11.121828
	Opened all files
	Running: uptime.py
	- Inizialize files
		- Inizialized csv_unchecked2
		- Inizialize uptime file
		- Inizialized uptime file
	- Run core
		- localhost
			- Istructions: Win32_PerfFormattedData_PerfOS_System
	Unchecked PC updated
	End time: 2020-12-05 14:32:20.532379
	Total time: 0:00:09.410551

	Start time: 05/12/2020 14:32:20
	Opened all files
	Running: updatepending.vbs
	Search updates
	Updates:
		1. 2020-11 Cumulative Update Preview for .NET Framework 3.5 and 4.8 for Windows 10 Version 2004 for x64 (KB4586876)
		2. Security Intelligence Update for Microsoft Defender Antivirus - KB2267602 (Version 1.327.2115.0)
		3. INTEL - System - 7/18/1968 12:00:00 AM - 10.1.5.2
		4. INTEL - System - 7/18/1968 12:00:00 AM - 10.1.5.2
		5. Intel - System - 12/12/2018 12:00:00 AM - 8.5.10103.7263
		6. Intel - System - 12/12/2018 12:00:00 AM - 8.5.10103.7263
		7. INTEL - System - 7/18/1968 12:00:00 AM - 10.1.7.3
		8. INTEL - System - 7/18/1968 12:00:00 AM - 10.1.10.4
		9. Advanced Micro Devices, Inc. - Display - 4/9/2019 12:00:00 AM - 26.20.11002.12
		10. Realtek - Net - 12/6/2018 12:00:00 AM - 10.32.1206.2018
		11. Realtek Semiconductor Corp. - USB - 3/5/2019 12:00:00 AM - 10.0.17763.31246
		12. SAMSUNG Electronics Co., Ltd.  - Modem - 2.17.6.0
		13. SAMSUNG Electronics Co., Ltd.  - USB - 2.17.6.0
	Check if rebootis necessary
	Update necessary
	You didn't want reboot your PC
	End time: 05/12/2020 14:38:50
	Total time: 389,4766
	
Start time: 05/12/2020 14:47:53,33 
	Start time: 2020-12-05 14:47:53.569324
	Opened all files
	Running: uptime.py
	- Inizialize files
		- Inizialized csv_unchecked2
		- Inizialize uptime file
		- Inizialized uptime file
	- Run core
		- localhost
			- Istructions: Win32_PerfFormattedData_PerfOS_System
	Unchecked PC updated
	End time: 2020-12-05 14:48:26.882017
	Total time: 0:00:33.312693

	Start time: 05/12/2020 14:53:35
	Opened all files
	Running: updatepending.vbs
	Search updates
	Updates:
		1. 2020-11 Cumulative Update Preview for .NET Framework 3.5 and 4.8 for Windows 10 Version 2004 for x64 (KB4586876)
	Start time: 05/12/2020 14:56:43
	Opened all files
	Running: updatepending.vbs
	Search updates
	Updates:
		1. 2020-11 Cumulative Update Preview for .NET Framework 3.5 and 4.8 for Windows 10 Version 2004 for x64 (KB4586876)
	Start time: 05/12/2020 14:57:06
	Opened all files
	Running: updatepending.vbs
	Search updates
	Updates:
		1. 2020-11 Cumulative Update Preview for .NET Framework 3.5 and 4.8 for Windows 10 Version 2004 for x64 (KB4586876)
	Start time: 05/12/2020 14:59:26
	Opened all files
	Running: updatepending.vbs
	Search updates
	Updates:
		1. 2020-11 Cumulative Update Preview for .NET Framework 3.5 and 4.8 for Windows 10 Version 2004 for x64 (KB4586876)
		2. Security Intelligence Update for Microsoft Defender Antivirus - KB2267602 (Version 1.327.2115.0)
		3. INTEL - System - 7/18/1968 12:00:00 AM - 10.1.5.2
		4. INTEL - System - 7/18/1968 12:00:00 AM - 10.1.5.2
		5. Intel - System - 12/12/2018 12:00:00 AM - 8.5.10103.7263
		6. Intel - System - 12/12/2018 12:00:00 AM - 8.5.10103.7263
		7. INTEL - System - 7/18/1968 12:00:00 AM - 10.1.7.3
		8. INTEL - System - 7/18/1968 12:00:00 AM - 10.1.10.4
		9. Advanced Micro Devices, Inc. - Display - 4/9/2019 12:00:00 AM - 26.20.11002.12
		10. Realtek - Net - 12/6/2018 12:00:00 AM - 10.32.1206.2018
		11. Realtek Semiconductor Corp. - USB - 3/5/2019 12:00:00 AM - 10.0.17763.31246
		12. SAMSUNG Electronics Co., Ltd.  - Modem - 2.17.6.0
		13. SAMSUNG Electronics Co., Ltd.  - USB - 2.17.6.0
	Check if rebootis necessary
	End time: 05/12/2020 14:59:42
	Total time: 16,11328
	
	Start time: 05/12/2020 15:00:23
	Opened all files
	Running: updatepending.vbs
	Search updates
	Updates:
		1. 2020-11 Cumulative Update Preview for .NET Framework 3.5 and 4.8 for Windows 10 Version 2004 for x64 (KB4586876)
		2. Security Intelligence Update for Microsoft Defender Antivirus - KB2267602 (Version 1.327.2115.0)
		3. INTEL - System - 7/18/1968 12:00:00 AM - 10.1.5.2
		4. INTEL - System - 7/18/1968 12:00:00 AM - 10.1.5.2
		5. Intel - System - 12/12/2018 12:00:00 AM - 8.5.10103.7263
		6. Intel - System - 12/12/2018 12:00:00 AM - 8.5.10103.7263
		7. INTEL - System - 7/18/1968 12:00:00 AM - 10.1.7.3
		8. INTEL - System - 7/18/1968 12:00:00 AM - 10.1.10.4
		9. Advanced Micro Devices, Inc. - Display - 4/9/2019 12:00:00 AM - 26.20.11002.12
		10. Realtek - Net - 12/6/2018 12:00:00 AM - 10.32.1206.2018
		11. Realtek Semiconductor Corp. - USB - 3/5/2019 12:00:00 AM - 10.0.17763.31246
		12. SAMSUNG Electronics Co., Ltd.  - Modem - 2.17.6.0
		13. SAMSUNG Electronics Co., Ltd.  - USB - 2.17.6.0
	Check if rebootis necessary
	End time: 05/12/2020 15:00:36
	Total time: 12,53125
	
Start time: 05/12/2020 15:02:13,24 
	Start time: 2020-12-05 15:02:13.485024
	Opened all files
	Running: uptime.py
	- Inizialize files
		- Inizialized csv_unchecked2
		- Inizialize uptime file
		- Inizialized uptime file
	- Run core
		- localhost
			- Istructions: Win32_PerfFormattedData_PerfOS_System
	Unchecked PC updated
	End time: 2020-12-05 15:02:23.202971
	Total time: 0:00:09.717947

	Start time: 05/12/2020 15:02:23
	Opened all files
	Running: updatepending.vbs
	Search updates
	Updates:
		1. 2020-11 Cumulative Update Preview for .NET Framework 3.5 and 4.8 for Windows 10 Version 2004 for x64 (KB4586876)
		2. Security Intelligence Update for Microsoft Defender Antivirus - KB2267602 (Version 1.327.2115.0)
		3. INTEL - System - 7/18/1968 12:00:00 AM - 10.1.5.2
		4. INTEL - System - 7/18/1968 12:00:00 AM - 10.1.5.2
		5. Intel - System - 12/12/2018 12:00:00 AM - 8.5.10103.7263
		6. Intel - System - 12/12/2018 12:00:00 AM - 8.5.10103.7263
		7. INTEL - System - 7/18/1968 12:00:00 AM - 10.1.7.3
		8. INTEL - System - 7/18/1968 12:00:00 AM - 10.1.10.4
		9. Advanced Micro Devices, Inc. - Display - 4/9/2019 12:00:00 AM - 26.20.11002.12
		10. Realtek - Net - 12/6/2018 12:00:00 AM - 10.32.1206.2018
		11. Realtek Semiconductor Corp. - USB - 3/5/2019 12:00:00 AM - 10.0.17763.31246
		12. SAMSUNG Electronics Co., Ltd.  - Modem - 2.17.6.0
		13. SAMSUNG Electronics Co., Ltd.  - USB - 2.17.6.0
	Check if rebootis necessary
	End time: 05/12/2020 15:02:43
	Total time: 20,21094
	
	Start time: 2020-12-05 15:04:07.382641
	Opened all files
	Running: uptime.py
	- Inizialize files
		- Inizialized csv_unchecked2
		- Inizialize uptime file
		- Inizialized uptime file
	- Run core
		- localhost
			- Istructions: Win32_PerfFormattedData_PerfOS_System
Start time: 05/12/2020 15:04:48,70 
Opened all files 
Running: bc.bat 
	Start time: 2020-12-05 15:04:48.931498
	Opened all files
	Running: uptime.py
	- Inizialize files
		- Inizialized csv_unchecked2
		- Inizialize uptime file
		- Inizialized uptime file
	- Run core
		- localhost
			- Istructions: Win32_PerfFormattedData_PerfOS_System
	Unchecked PC updated
	End time: 2020-12-05 15:05:21.951245
	Total time: 0:00:33.019747

	Start time: 05/12/2020 15:05:22
	Opened all files
	Running: updatepending.vbs
	Search updates
	Updates:
		1. 2020-11 Cumulative Update Preview for .NET Framework 3.5 and 4.8 for Windows 10 Version 2004 for x64 (KB4586876)
		2. Security Intelligence Update for Microsoft Defender Antivirus - KB2267602 (Version 1.327.2115.0)
		3. INTEL - System - 7/18/1968 12:00:00 AM - 10.1.5.2
		4. INTEL - System - 7/18/1968 12:00:00 AM - 10.1.5.2
		5. Intel - System - 12/12/2018 12:00:00 AM - 8.5.10103.7263
		6. Intel - System - 12/12/2018 12:00:00 AM - 8.5.10103.7263
		7. INTEL - System - 7/18/1968 12:00:00 AM - 10.1.7.3
		8. INTEL - System - 7/18/1968 12:00:00 AM - 10.1.10.4
		9. Advanced Micro Devices, Inc. - Display - 4/9/2019 12:00:00 AM - 26.20.11002.12
		10. Realtek - Net - 12/6/2018 12:00:00 AM - 10.32.1206.2018
		11. Realtek Semiconductor Corp. - USB - 3/5/2019 12:00:00 AM - 10.0.17763.31246
		12. SAMSUNG Electronics Co., Ltd.  - Modem - 2.17.6.0
		13. SAMSUNG Electronics Co., Ltd.  - USB - 2.17.6.0
	Check if rebootis necessary
	End time: 05/12/2020 15:05:30
	Total time: 8,652344
End time: 05/12/2020 15:05:30,66
 
