Opened all files
csv now initialized
Start time: 2020-09-21 15:24:54.463145
Running: netinfo.py
 - My PC, debug option
   - Istructions: Win32_NetworkClient && Win32_NetworkProtocol
End time: 2020-09-21 15:24:54.962585
Total time: 0:00:00.499440

Opened all files
csv now initialized
Start time: 2020-09-21 15:25:25.797849
Running: netinfo.py
 - My PC, debug option
   - Istructions: Win32_NetworkClient && Win32_NetworkProtocol
End time: 2020-09-21 15:25:26.109197
Total time: 0:00:00.311348

Opened all files
csv now initialized
Start time: 2020-09-21 15:26:04.410042
Running: netinfo.py
 - My PC, debug option
   - Istructions: Win32_NetworkClient && Win32_NetworkProtocol
End time: 2020-09-21 15:26:04.636602
Total time: 0:00:00.226560

Opened all files and database connected
csv now initialized
Start time: 2020-09-21 15:34:30.267220
Running: netinfo.py
 - My PC, debug option
   - Istructions: Win32_NetworkClient && Win32_NetworkProtocol
End time: 2020-09-21 15:34:30.682439
Total time: 0:00:00.415219

Opened all files and database connected
csv now initialized
database now initialized
Start time: 2020-09-21 15:41:10.010604
Running: netinfo.py
 - My PC, debug option
   - Istructions: Win32_NetworkClient && Win32_NetworkProtocol
End time: 2020-09-21 15:41:10.365224
Total time: 0:00:00.354620

Opened all files and database connected
csv now initialized
database now initialized
Start time: 2020-09-21 15:51:25.161488
Running: netinfo.py
 - My PC, debug option
   - Istructions: Win32_NetworkClient && Win32_NetworkProtocol
End time: 2020-09-21 15:51:25.761660
Total time: 0:00:00.600172

Opened all files and database connected
csv now initialized
database now initialized
Start time: 2020-09-21 15:54:19.558287
Running: netinfo.py
 - My PC, debug option
   - Istructions: Win32_NetworkClient && Win32_NetworkProtocol
End time: 2020-09-21 15:54:19.803761
Total time: 0:00:00.245474

Opened all files and database connected
csv now initialized
database now initialized
Start time: 2020-09-21 15:59:10.946843
Running: netinfo.py
 - My PC, debug option
   - Istructions: Win32_NetworkClient && Win32_NetworkProtocol
End time: 2020-09-21 15:59:11.271010
Total time: 0:00:00.324167

Opened all files and database connected
csv now initialized
database now initialized
Start time: 2020-09-21 16:00:44.884199
Running: netinfo.py
 - My PC, debug option
   - Istructions: Win32_NetworkClient && Win32_NetworkProtocol
End time: 2020-09-21 16:00:45.185202
Total time: 0:00:00.301003

Opened all files and database connected
csv now initialized
database now initialized
Start time: 2020-09-21 16:01:01.170665
Running: netinfo.py
 - My PC, debug option
   - Istructions: Win32_NetworkClient && Win32_NetworkProtocol
End time: 2020-09-21 16:01:01.327069
Total time: 0:00:00.156404

Opened all files and database connected
csv now initialized
database now initialized
Start time: 2020-09-21 16:01:23.975399
Running: netinfo.py
 - My PC, debug option
   - Istructions: Win32_NetworkClient && Win32_NetworkProtocol
End time: 2020-09-21 16:01:24.140008
Total time: 0:00:00.164609

Opened all files and database connected
csv now initialized
Start time: 2020-09-21 16:03:13.545810
Running: netinfo.py
 - My PC, debug option
   - Istructions: Win32_NetworkClient && Win32_NetworkProtocol
End time: 2020-09-21 16:03:13.866802
Total time: 0:00:00.320992

Opened all files and database connected
csv now initialized
Start time: 2020-09-21 16:08:11.086450
Running: netinfo.py
 - My PC, debug option
   - Istructions: Win32_NetworkClient && Win32_NetworkProtocol
End time: 2020-09-21 16:08:11.400448
Total time: 0:00:00.313998

Opened all files and database connected
Start time: 2020-09-28 14:36:38.107879
Running: netinfo.py
csv now initialized
Opened all files and database connected
Start time: 2020-09-28 14:37:00.387432
Running: netinfo.py
csv now initialized
Opened all files and database connected
Start time: 2020-09-28 14:37:35.546388
Running: netinfo.py
csv now initialized
 - My PC, debug option
   - Istructions: Win32_NetworkClient && Win32_NetworkProtocol
End time: 2020-09-28 14:37:35.751084
Total time: 0:00:00.204696

Opened all files and database connected
Start time: 2020-09-28 14:50:46.470026
Running: netinfo.py
csv now initialized
 - My PC, debug option
   - Istructions: Win32_NetworkClient && Win32_NetworkProtocol
End time: 2020-09-28 14:50:46.666558
Total time: 0:00:00.196532

Opened all files and database connected
Start time: 2020-09-28 14:52:03.246126
Running: netinfo.py
csv now initialized
Opened all files and database connected
Start time: 2020-09-28 14:52:49.455072
Running: netinfo.py
csv now initialized
Opened all files and database connected
Start time: 2020-09-28 14:53:06.186774
Running: netinfo.py
csv now initialized
Opened all files and database connected
Start time: 2020-09-28 14:54:10.957048
Running: netinfo.py
csv now initialized
Opened all files and database connected
Start time: 2020-09-28 14:54:58.544233
Running: netinfo.py
csv now initialized
database now initialized
 - My PC, debug option
   - Istructions: Win32_NetworkClient && Win32_NetworkProtocol
End time: 2020-09-28 14:54:58.728509
Total time: 0:00:00.184276

Opened all files and database connected
Start time: 2020-09-28 14:55:06.710523
Running: netinfo.py
csv now initialized
database now initialized
 - My PC, debug option
   - Istructions: Win32_NetworkClient && Win32_NetworkProtocol
End time: 2020-09-28 14:55:06.823526
Total time: 0:00:00.113003

Opened all files opened
Start time: 2020-09-28 14:55:18.939806
Running: netinfo.py
csv now initialized
 - My PC, debug option
   - Istructions: Win32_NetworkClient && Win32_NetworkProtocol
End time: 2020-09-28 14:55:19.052216
Total time: 0:00:00.112410

Opened all files opened
Start time: 2020-09-28 14:56:45.207473
Running: netinfo.py
csv now initialized
Opened all files opened
Start time: 2020-09-28 14:57:16.040648
Running: netinfo.py
csv now initialized
 - My PC, debug option
   - Istructions: Win32_NetworkClient && Win32_NetworkProtocol
End time: 2020-09-28 14:57:16.267735
Total time: 0:00:00.227087

Opened all files opened
Start time: 2020-09-28 14:58:13.038581
Running: netinfo.py
csv now initialized
 - DAVIDECASTELLAN
   - Istructions: Win32_NetworkClient && Win32_NetworkProtocol
 - DAVIDECASTELLAN
   - Istructions: Win32_NetworkClient && Win32_NetworkProtocol
 - DAVIDECASTELLAN
   - Istructions: Win32_NetworkClient && Win32_NetworkProtocol
End time: 2020-09-28 14:58:13.367971
Total time: 0:00:00.329390

Opened all files opened
Start time: 2020-09-28 15:03:35.879963
Running: netinfo.py
csv now initialized
 - My PC, debug option
   - Istructions: Win32_NetworkClient && Win32_NetworkProtocol
End time: 2020-09-28 15:03:36.248021
Total time: 0:00:00.368058

Opened all files opened
Start time: 2020-09-28 15:04:54.473340
Running: netinfo.py
csv now initialized
Opened all files opened
Start time: 2020-09-28 15:05:07.728374
Running: netinfo.py
csv now initialized
End time: 2020-09-28 15:05:16.973236
Total time: 0:00:09.244862

Opened all files opened
Start time: 2020-09-28 15:05:52.213244
Running: netinfo.py
csv now initialized
End time: 2020-09-28 15:05:52.336262
Total time: 0:00:00.123018

Opened all files opened
Start time: 2020-09-28 15:06:55.039389
Running: netinfo.py
csv now initialized
End time: 2020-09-28 15:06:55.166130
Total time: 0:00:00.126741

Opened all files opened
Start time: 2020-09-28 15:08:20.963277
Running: netinfo.py
csv now initialized
End time: 2020-09-28 15:08:21.097285
Total time: 0:00:00.134008

Opened all files opened
Start time: 2020-09-28 15:08:33.224008
Running: netinfo.py
csv now initialized
 - My PC, debug option
   - Istructions: Win32_NetworkClient && Win32_NetworkProtocol
End time: 2020-09-28 15:08:33.545575
Total time: 0:00:00.321567

Opened all files opened
Start time: 2020-09-28 15:08:50.460199
Running: netinfo.py
csv now initialized
 - My PC, debug option
   - Istructions: Win32_NetworkClient && Win32_NetworkProtocol
End time: 2020-09-28 15:08:50.694248
Total time: 0:00:00.234049

Opened all files opened
Start time: 2020-09-28 15:09:02.666872
Running: netinfo.py
csv now initialized
 - My PC, debug option
   - Istructions: Win32_NetworkClient && Win32_NetworkProtocol
End time: 2020-09-28 15:09:12.030520
Total time: 0:00:09.363648

Opened all files opened
Start time: 2020-09-28 15:09:20.082555
Running: netinfo.py
csv now initialized
 - My PC, debug option
   - Istructions: Win32_NetworkClient && Win32_NetworkProtocol
End time: 2020-09-28 15:09:21.349834
Total time: 0:00:01.267279

Opened all files and database connected
Start time: 2020-09-28 15:12:16.230619
Running: netinfo.py
csv now initialized
database now initialized
 - My PC, debug option
   - Istructions: Win32_NetworkClient && Win32_NetworkProtocol
End time: 2020-09-28 15:12:17.607119
Total time: 0:00:01.376500

Opened all files and database connected
Start time: 2020-09-28 15:12:16.375620
Running: netinfo.py
csv now initialized
database now initialized
 - My PC, debug option
   - Istructions: Win32_NetworkClient && Win32_NetworkProtocol
End time: 2020-09-28 15:12:17.629452
Total time: 0:00:01.253832

Opened all files and database connected
Start time: 2020-09-28 15:14:40.813316
Running: netinfo.py
csv now initialized
database now initialized
 - My PC, debug option
   - Istructions: Win32_NetworkClient && Win32_NetworkProtocol
End time: 2020-09-28 15:14:42.148636
Total time: 0:00:01.335320

Opened all files and database connected
Start time: 2020-09-28 15:15:55.744309
Running: netinfo.py
csv now initialized
database now initialized
 - My PC, debug option
   - Istructions: Win32_NetworkClient && Win32_NetworkProtocol
Opened all files and database connected
Start time: 2020-09-28 15:16:21.845768
Running: netinfo.py
csv now initialized
database now initialized
 - My PC, debug option
   - Istructions: Win32_NetworkClient && Win32_NetworkProtocol
Opened all files and database connected
Start time: 2020-09-28 15:17:36.215121
Running: netinfo.py
csv now initialized
database now initialized
 - My PC, debug option
   - Istructions: Win32_NetworkClient && Win32_NetworkProtocol
Opened all files and database connected
Start time: 2020-09-28 15:18:14.928377
Running: netinfo.py
csv now initialized
database now initialized
 - My PC, debug option
   - Istructions: Win32_NetworkClient && Win32_NetworkProtocol
Opened all files and database connected
Start time: 2020-09-28 15:18:37.261727
Running: netinfo.py
csv now initialized
database now initialized
 - My PC, debug option
   - Istructions: Win32_NetworkClient && Win32_NetworkProtocol
End time: 2020-09-28 15:18:38.513440
Total time: 0:00:01.251713

Opened all files and database connected
Start time: 2020-09-28 15:19:11.530635
Running: netinfo.py
csv now initialized
database now initialized
 - My PC, debug option
   - Istructions: Win32_NetworkClient && Win32_NetworkProtocol
Opened all files and database connected
Start time: 2020-09-28 15:20:36.968500
Running: netinfo.py
csv now initialized
database now initialized
 - My PC, debug option
   - Istructions: Win32_NetworkClient && Win32_NetworkProtocol
End time: 2020-09-28 15:20:38.299976
Total time: 0:00:01.331476

Opened all files and database connected
Start time: 2020-09-28 15:20:46.308084
Running: netinfo.py
csv now initialized
database now initialized
 - My PC, debug option
   - Istructions: Win32_NetworkClient && Win32_NetworkProtocol
End time: 2020-09-28 15:20:47.537292
Total time: 0:00:01.229208

Opened all files and database connected
Start time: 2020-09-28 15:21:08.934763
Running: netinfo.py
csv now initialized
database now initialized
 - My PC, debug option
   - Istructions: Win32_NetworkClient && Win32_NetworkProtocol
End time: 2020-09-28 15:21:10.216069
Total time: 0:00:01.281306

Opened all files and database connected
Start time: 2020-09-28 15:21:28.741459
Running: netinfo.py
csv now initialized
database now initialized
 - My PC, debug option
   - Istructions: Win32_NetworkClient && Win32_NetworkProtocol
End time: 2020-09-28 15:21:30.008986
Total time: 0:00:01.267527

Opened all files and database connected
Start time: 2020-09-28 15:21:45.168768
Running: netinfo.py
csv now initialized
database now initialized
 - My PC, debug option
   - Istructions: Win32_NetworkClient && Win32_NetworkProtocol
End time: 2020-09-28 15:21:46.422844
Total time: 0:00:01.254076

Opened all files and database connected
Start time: 2020-09-28 15:22:08.892707
Running: netinfo.py
csv now initialized
database now initialized
 - My PC, debug option
   - Istructions: Win32_NetworkClient && Win32_NetworkProtocol
End time: 2020-09-28 15:22:10.164961
Total time: 0:00:01.272254

Opened all files and database connected
Start time: 2020-09-28 15:22:23.923077
Running: netinfo.py
csv now initialized
database now initialized
 - My PC, debug option
   - Istructions: Win32_NetworkClient && Win32_NetworkProtocol
End time: 2020-09-28 15:22:25.178861
Total time: 0:00:01.255784

Opened all files and database connected
Start time: 2020-09-28 15:22:35.534483
Running: netinfo.py
csv now initialized
database now initialized
 - My PC, debug option
   - Istructions: Win32_NetworkClient && Win32_NetworkProtocol
End time: 2020-09-28 15:22:36.797352
Total time: 0:00:01.262869

Opened all files and database connected
Start time: 2020-09-28 15:23:10.699869
Running: netinfo.py
csv now initialized
database now initialized
 - My PC, debug option
   - Istructions: Win32_NetworkClient && Win32_NetworkProtocol
End time: 2020-09-28 15:23:12.033036
Total time: 0:00:01.333167

Opened all files and database connected
Start time: 2020-09-28 15:23:22.158014
Running: netinfo.py
csv now initialized
database now initialized
 - My PC, debug option
   - Istructions: Win32_NetworkClient && Win32_NetworkProtocol
End time: 2020-09-28 15:23:23.435578
Total time: 0:00:01.277564

Opened all files and database connected
Start time: 2020-09-28 15:24:39.773907
Running: netinfo.py
csv now initialized
database now initialized
 - My PC, debug option
   - Istructions: Win32_NetworkClient && Win32_NetworkProtocol
Opened all files and database connected
Start time: 2020-09-28 15:25:22.210971
Running: netinfo.py
csv now initialized
database now initialized
 - My PC, debug option
   - Istructions: Win32_NetworkClient && Win32_NetworkProtocol
Opened all files and database connected
Start time: 2020-09-28 15:25:48.608315
Running: netinfo.py
csv now initialized
database now initialized
 - My PC, debug option
   - Istructions: Win32_NetworkClient && Win32_NetworkProtocol
Opened all files and database connected
Start time: 2020-09-28 15:26:13.684934
Running: netinfo.py
csv now initialized
database now initialized
 - My PC, debug option
   - Istructions: Win32_NetworkClient && Win32_NetworkProtocol
Opened all files and database connected
Start time: 2020-09-28 15:27:35.773592
Running: netinfo.py
csv now initialized
database now initialized
 - My PC, debug option
   - Istructions: Win32_NetworkClient && Win32_NetworkProtocol
Opened all files and database connected
Start time: 2020-09-28 15:28:36.406227
Running: netinfo.py
csv now initialized
database now initialized
 - My PC, debug option
   - Istructions: Win32_NetworkClient && Win32_NetworkProtocol
End time: 2020-09-28 15:28:37.671911
Total time: 0:00:01.265684

Opened all files and database connected
Start time: 2020-09-28 15:28:57.449997
Running: netinfo.py
csv now initialized
database now initialized
 - My PC, debug option
   - Istructions: Win32_NetworkClient && Win32_NetworkProtocol
End time: 2020-09-28 15:28:58.700828
Total time: 0:00:01.250831

Opened all files and database connected
Start time: 2020-09-28 15:29:36.394961
Running: netinfo.py
csv now initialized
database now initialized
 - My PC, debug option
   - Istructions: Win32_NetworkClient && Win32_NetworkProtocol
End time: 2020-09-28 15:29:37.653597
Total time: 0:00:01.258636

Opened all files and database connected
Start time: 2020-09-28 15:30:01.326736
Running: netinfo.py
csv now initialized
database now initialized
 - My PC, debug option
   - Istructions: Win32_NetworkClient && Win32_NetworkProtocol
End time: 2020-09-28 15:30:02.594040
Total time: 0:00:01.267304

Opened all files and database connected
Start time: 2020-09-28 15:33:41.903204
Running: netinfo.py
csv now initialized
database now initialized
 - My PC, debug option
   - Istructions: Win32_NetworkClient && Win32_NetworkProtocol
End time: 2020-09-28 15:33:43.294054
Total time: 0:00:01.390850

Opened all files and database connected
Start time: 2020-09-28 15:34:07.030223
Running: netinfo.py
csv now initialized
database now initialized
 - My PC, debug option
   - Istructions: Win32_NetworkClient && Win32_NetworkProtocol
End time: 2020-09-28 15:34:08.290689
Total time: 0:00:01.260466

Opened all files and database connected
Start time: 2020-09-28 15:34:56.034228
Running: netinfo.py
csv now initialized
csv now initialized
database now initialized
 - My PC, debug option
   - Istructions: Win32_NetworkClient && Win32_NetworkProtocol
End time: 2020-09-28 15:34:57.390236
Total time: 0:00:01.356008

Opened all files and database connected
Start time: 2020-09-28 15:35:21.025860
Running: netinfo.py
csv now initialized
database now initialized
 - My PC, debug option
   - Istructions: Win32_NetworkClient && Win32_NetworkProtocol
End time: 2020-09-28 15:35:22.287774
Total time: 0:00:01.261914

Opened all files and database connected
Start time: 2020-09-28 15:38:19.125343
Running: netinfo.py
csv now initialized
database now initialized
 - My PC, debug option
   - Istructions: Win32_NetworkClient && Win32_NetworkProtocol
End time: 2020-09-28 15:38:20.451431
Total time: 0:00:01.326088

Opened all files and database connected
Start time: 2020-09-28 15:38:43.457055
Running: netinfo.py
csv now initialized
csv now initialized
database now initialized
 - My PC, debug option
   - Istructions: Win32_NetworkClient && Win32_NetworkProtocol
End time: 2020-09-28 15:38:44.703599
Total time: 0:00:01.246544

Opened all files and database connected
Start time: 2020-09-28 15:38:59.215649
Running: netinfo.py
csv now initialized
csv now initialized
database now initialized
End time: 2020-09-28 15:39:00.202244
Total time: 0:00:00.986595

Opened all files and database connected
Start time: 2020-09-28 15:39:05.520893
Running: netinfo.py
csv now initialized
csv now initialized
database now initialized
 - My PC, debug option
   - Istructions: Win32_NetworkClient && Win32_NetworkProtocol
End time: 2020-09-28 15:39:06.763335
Total time: 0:00:01.242442

Opened all files and database connected
Start time: 2020-09-28 15:40:20.562830
Running: netinfo.py
csv now initialized
Opened all files and database connected
Start time: 2020-09-28 15:45:07.375033
Running: netinfo.py
csv now initialized
database now initialized
 - My PC, debug option
   - Istructions: Win32_NetworkClient && Win32_NetworkProtocol
End time: 2020-09-28 15:45:08.702886
Total time: 0:00:01.327853

Opened all files and database connected
Start time: 2020-09-28 15:45:21.801061
Running: netinfo.py
csv now initialized
csv now initialized
database now initialized
 - My PC, debug option
   - Istructions: Win32_NetworkClient && Win32_NetworkProtocol
End time: 2020-09-28 15:45:23.130775
Total time: 0:00:01.329714

Opened all files and database connected
Start time: 2020-09-28 15:45:51.526502
Running: netinfo.py
csv now initialized
database now initialized
 - My PC, debug option
   - Istructions: Win32_NetworkClient && Win32_NetworkProtocol
End time: 2020-09-28 15:45:52.812496
Total time: 0:00:01.285994

Opened all files and database connected
Start time: 2020-09-28 15:47:18.352003
Running: netinfo.py
csv now initialized
database now initialized
 - My PC, debug option
   - Istructions: Win32_NetworkClient && Win32_NetworkProtocol
End time: 2020-09-28 15:47:19.716914
Total time: 0:00:01.364911

Opened all files and database connected
Start time: 2020-09-28 15:47:29.259711
Running: netinfo.py
csv now initialized
database now initialized
 - My PC, debug option
   - Istructions: Win32_NetworkClient && Win32_NetworkProtocol
End time: 2020-09-28 15:47:30.518258
Total time: 0:00:01.258547

Opened all files and database connected
Start time: 2020-09-28 15:48:18.406236
Running: netinfo.py
csv now initialized
database now initialized
 - My PC, debug option
   - Istructions: Win32_NetworkClient && Win32_NetworkProtocol
End time: 2020-09-28 15:48:19.660464
Total time: 0:00:01.254228

Opened all files and database connected
Start time: 2020-09-28 15:49:44.630381
Running: netinfo.py
csv now initialized
database now initialized
 - My PC, debug option
   - Istructions: Win32_NetworkClient && Win32_NetworkProtocol
End time: 2020-09-28 15:49:45.999193
Total time: 0:00:01.368812

Opened all files and database connected
Start time: 2020-09-28 15:49:53.944824
Running: netinfo.py
csv now initialized
database now initialized
 - My PC, debug option
   - Istructions: Win32_NetworkClient && Win32_NetworkProtocol
End time: 2020-09-28 15:49:55.326085
Total time: 0:00:01.381261

Opened all files and database connected
Start time: 2020-09-28 15:52:26.044217
Running: netinfo.py
csv now initialized
database now initialized
 - My PC, debug option
   - Istructions: Win32_NetworkClient && Win32_NetworkProtocol
End time: 2020-09-28 15:52:27.393552
Total time: 0:00:01.349335

Opened all files and database connected
Start time: 2020-09-28 15:52:47.515537
Running: netinfo.py
csv now initialized
database now initialized
 - My PC, debug option
   - Istructions: Win32_NetworkClient && Win32_NetworkProtocol
Opened all files and database connected
Start time: 2020-09-28 15:52:55.669769
Running: netinfo.py
csv now initialized
database now initialized
 - My PC, debug option
   - Istructions: Win32_NetworkClient && Win32_NetworkProtocol
End time: 2020-09-28 15:52:56.932891
Total time: 0:00:01.263122

Opened all files and database connected
Start time: 2020-09-28 15:53:30.220143
Running: netinfo.py
csv now initialized
database now initialized
 - My PC, debug option
   - Istructions: Win32_NetworkClient && Win32_NetworkProtocol
Opened all files and database connected
Start time: 2020-09-28 15:54:04.619535
Running: netinfo.py
csv now initialized
database now initialized
 - My PC, debug option
   - Istructions: Win32_NetworkClient && Win32_NetworkProtocol
End time: 2020-09-28 15:54:05.862521
Total time: 0:00:01.242986

Opened all files and database connected
Start time: 2020-09-28 15:55:24.299668
Running: netinfo.py
csv now initialized
database now initialized
 - My PC, debug option
   - Istructions: Win32_NetworkClient && Win32_NetworkProtocol
End time: 2020-09-28 15:55:25.687905
Total time: 0:00:01.388237

Opened all files and database connected
Start time: 2020-09-28 15:55:42.364235
Running: netinfo.py
csv now initialized
database now initialized
 - My PC, debug option
   - Istructions: Win32_NetworkClient && Win32_NetworkProtocol
End time: 2020-09-28 15:55:43.607095
Total time: 0:00:01.242860

Opened all files and database connected
Start time: 2020-09-28 15:55:52.945949
Running: netinfo.py
csv now initialized
database now initialized
 - My PC, debug option
   - Istructions: Win32_NetworkClient && Win32_NetworkProtocol
End time: 2020-09-28 15:55:54.207092
Total time: 0:00:01.261143

Opened all files and database connected
Start time: 2020-09-28 15:56:11.578792
Running: netinfo.py
csv now initialized
database now initialized
 - My PC, debug option
   - Istructions: Win32_NetworkClient && Win32_NetworkProtocol
End time: 2020-09-28 15:56:12.845417
Total time: 0:00:01.266625

Opened all files and database connected
Start time: 2020-09-28 15:56:33.254087
Running: netinfo.py
csv now initialized
database now initialized
 - My PC, debug option
   - Istructions: Win32_NetworkClient && Win32_NetworkProtocol
End time: 2020-09-28 15:56:34.517299
Total time: 0:00:01.263212

Opened all files and database connected
Start time: 2020-09-28 15:56:37.823412
Running: netinfo.py
csv now initialized
database now initialized
 - My PC, debug option
   - Istructions: Win32_NetworkClient && Win32_NetworkProtocol
End time: 2020-09-28 15:56:39.078372
Total time: 0:00:01.254960

Opened all files and database connected
Start time: 2020-09-28 15:57:13.260255
Running: netinfo.py
csv now initialized
database now initialized
 - DAVIDECASTELLAN
   - Istructions: Win32_NetworkClient && Win32_NetworkProtocol
 - DAVIDECASTELLAN
   - Istructions: Win32_NetworkClient && Win32_NetworkProtocol
 - DAVIDECASTELLAN
   - Istructions: Win32_NetworkClient && Win32_NetworkProtocol
End time: 2020-09-28 15:57:20.177804
Total time: 0:00:06.917549

Opened all files and database connected
Start time: 2020-09-28 15:58:03.587481
Running: netinfo.py
csv now initialized
database now initialized
 - DAVIDECASTELLAN
   - Istructions: Win32_NetworkClient && Win32_NetworkProtocol
 - DAVIDECASTELLAN
   - Istructions: Win32_NetworkClient && Win32_NetworkProtocol
 - DAVIDECASTELLAN
   - Istructions: Win32_NetworkClient && Win32_NetworkProtocol
End time: 2020-09-28 15:58:10.489816
Total time: 0:00:06.902335

Opened all files and database connected
Start time: 2020-09-28 15:58:27.309932
Running: netinfo.py
csv now initialized
database now initialized
 - DAVIDECASTELLAN
   - Istructions: Win32_NetworkClient && Win32_NetworkProtocol
 - DAVIDECASTELLAN
   - Istructions: Win32_NetworkClient && Win32_NetworkProtocol
 - DAVIDECASTELLAN
   - Istructions: Win32_NetworkClient && Win32_NetworkProtocol
End time: 2020-09-28 15:58:34.153527
Total time: 0:00:06.843595

Opened all files and database connected
Start time: 2020-09-28 15:58:35.483186
Running: netinfo.py
csv now initialized
database now initialized
 - DAVIDECASTELLAN
   - Istructions: Win32_NetworkClient && Win32_NetworkProtocol
 - DAVIDECASTELLAN
   - Istructions: Win32_NetworkClient && Win32_NetworkProtocol
 - DAVIDECASTELLAN
   - Istructions: Win32_NetworkClient && Win32_NetworkProtocol
End time: 2020-09-28 15:58:42.350917
Total time: 0:00:06.867731

Opened all files and database connected
Start time: 2020-09-28 15:58:49.140319
Running: netinfo.py
csv now initialized
database now initialized
 - DAVIDECASTELLAN
   - Istructions: Win32_NetworkClient && Win32_NetworkProtocol
 - DAVIDECASTELLAN
   - Istructions: Win32_NetworkClient && Win32_NetworkProtocol
 - DAVIDECASTELLAN
   - Istructions: Win32_NetworkClient && Win32_NetworkProtocol
End time: 2020-09-28 15:58:56.009880
Total time: 0:00:06.869561

Opened all files and database connected
Start time: 2020-09-28 15:59:59.721282
Running: netinfo.py
csv now initialized
database now initialized
 - My PC, debug option
   - Istructions: Win32_NetworkClient && Win32_NetworkProtocol
End time: 2020-09-28 16:00:01.076285
Total time: 0:00:01.355003

Opened all files and database connected
Start time: 2020-09-28 16:01:01.680551
Running: netinfo.py
csv now initialized
database now initialized
 - My PC, debug option
   - Istructions: Win32_NetworkClient && Win32_NetworkProtocol
Opened all files and database connected
Start time: 2020-09-28 16:03:23.075860
Running: netinfo.py
csv now initialized
database now initialized
 - My PC, debug option
   - Istructions: Win32_NetworkClient && Win32_NetworkProtocol
Opened all files and database connected
Start time: 2020-09-28 16:04:17.763811
Running: netinfo.py
csv now initialized
database now initialized
 - My PC, debug option
   - Istructions: Win32_NetworkClient && Win32_NetworkProtocol
End time: 2020-09-28 16:04:19.016580
Total time: 0:00:01.252769

Opened all files and database connected
Start time: 2020-09-28 16:04:21.918987
Running: netinfo.py
csv now initialized
database now initialized
 - My PC, debug option
   - Istructions: Win32_NetworkClient && Win32_NetworkProtocol
End time: 2020-09-28 16:04:23.185034
Total time: 0:00:01.266047

Opened all files and database connected
Start time: 2020-09-28 16:04:51.121784
Running: netinfo.py
csv now initialized
database now initialized
 - My PC, debug option
   - Istructions: Win32_NetworkClient && Win32_NetworkProtocol
End time: 2020-09-28 16:04:52.377638
Total time: 0:00:01.255854

Opened all files and database connected
Start time: 2020-09-28 16:05:07.972679
Running: netinfo.py
csv now initialized
database now initialized
 - My PC, debug option
   - Istructions: Win32_NetworkClient && Win32_NetworkProtocol
End time: 2020-09-28 16:05:09.250202
Total time: 0:00:01.278149

Opened all files and database connected
Start time: 2020-09-28 16:06:49.598170
Running: netinfo.py
csv now initialized
Opened all files and database connected
Start time: 2020-09-28 16:07:38.767365
Running: netinfo.py
csv now initialized
Opened all files and database connected
Start time: 2020-09-28 16:08:41.765073
Running: netinfo.py
csv now initialized
database now initialized
 - My PC, debug option
   - Istructions: Win32_NetworkClient && Win32_NetworkProtocol
End time: 2020-09-28 16:08:43.119813
Total time: 0:00:01.354740

Opened all files and database connected
Start time: 2020-09-28 16:09:01.170698
Running: netinfo.py
csv now initialized
database now initialized
 - My PC, debug option
   - Istructions: Win32_NetworkClient && Win32_NetworkProtocol
End time: 2020-09-28 16:09:02.453512
Total time: 0:00:01.282814

Opened all files and database connected
Start time: 2020-09-28 16:10:56.507446
Running: netinfo.py
csv now initialized
database now initialized
 - My PC, debug option
   - Istructions: Win32_NetworkClient && Win32_NetworkProtocol
End time: 2020-09-28 16:10:57.868411
Total time: 0:00:01.360965

Opened all files and database connected
Start time: 2020-09-28 16:11:01.344340
Running: netinfo.py
csv now initialized
database now initialized
 - My PC, debug option
   - Istructions: Win32_NetworkClient && Win32_NetworkProtocol
End time: 2020-09-28 16:11:02.604074
Total time: 0:00:01.259734

Opened all files and database connected
Start time: 2020-09-28 16:16:12.583994
Running: netinfo.py
csv now initialized
csv now initialized
database now initialized
 - My PC, debug option
   - Istructions: Win32_NetworkClient && Win32_NetworkProtocol
End time: 2020-09-28 16:16:13.929122
Total time: 0:00:01.345128

Opened all files and database connected
Start time: 2020-09-28 16:19:04.637285
Running: netinfo.py
csv now initialized
database now initialized
 - My PC, debug option
   - Istructions: Win32_NetworkClient && Win32_NetworkProtocol
End time: 2020-09-28 16:19:05.999314
Total time: 0:00:01.362029

Opened all files and database connected
Start time: 2020-09-28 16:19:24.355278
Running: netinfo.py
csv now initialized
database now initialized
 - My PC, debug option
   - Istructions: Win32_NetworkClient && Win32_NetworkProtocol
End time: 2020-09-28 16:19:25.602106
Total time: 0:00:01.246828

Opened all files and database connected
Start time: 2020-09-28 16:20:47.467631
Running: netinfo.py
csv now initialized
database now initialized
 - My PC, debug option
   - Istructions: Win32_NetworkClient && Win32_NetworkProtocol
End time: 2020-09-28 16:20:48.817873
Total time: 0:00:01.350681

Opened all files and database connected
Start time: 2020-09-28 16:22:19.971732
Running: netinfo.py
csv now initialized
database now initialized
 - My PC, debug option
   - Istructions: Win32_NetworkClient && Win32_NetworkProtocol
Opened all files and database connected
Start time: 2020-09-28 16:23:00.007296
Running: netinfo.py
csv now initialized
database now initialized
 - My PC, debug option
   - Istructions: Win32_NetworkClient && Win32_NetworkProtocol
End time: 2020-09-28 16:23:01.361423
Total time: 0:00:01.354127

Opened all files and database connected
Start time: 2020-09-28 16:23:17.646693
Running: netinfo.py
csv now initialized
database now initialized
 - My PC, debug option
   - Istructions: Win32_NetworkClient && Win32_NetworkProtocol
End time: 2020-09-28 16:23:18.924159
Total time: 0:00:01.277466

Opened all files and database connected
Start time: 2020-09-28 16:23:58.166398
Running: netinfo.py
csv now initialized
Opened all files and database connected
Start time: 2020-09-28 16:24:08.556349
Running: netinfo.py
csv now initialized
database now initialized
 - My PC, debug option
   - Istructions: Win32_NetworkClient && Win32_NetworkProtocol
End time: 2020-09-28 16:24:09.911016
Total time: 0:00:01.354667

Opened all files and database connected
Start time: 2020-09-28 16:24:23.409990
Running: netinfo.py
csv now initialized
csv now initialized
database now initialized
 - My PC, debug option
   - Istructions: Win32_NetworkClient && Win32_NetworkProtocol
End time: 2020-09-28 16:24:24.711999
Total time: 0:00:01.302009

Opened all files and database connected
Start time: 2020-09-28 16:54:47.187884
Running: netinfo.py
csv now initialized
database now initialized
Opened all files and database connected
Start time: 2020-09-28 16:55:37.073851
Running: netinfo.py
csv now initialized
database now initialized
Opened all files and database connected
Start time: 2020-09-28 16:57:51.495702
Running: netinfo.py
csv now initialized
database now initialized
 - My PC, debug option
   - Istructions: Win32_NetworkClient && Win32_NetworkProtocol
End time: 2020-09-28 16:57:55.990716
Total time: 0:00:04.495014

Opened all files and database connected
Start time: 2020-09-28 17:09:27.794698
Running: netinfo.py
csv now initialized
database now initialized
 - My PC, debug option
   - Istructions: Win32_NetworkClient && Win32_NetworkProtocol
Opened all files and database connected
Start time: 2020-09-28 17:10:00.562995
Running: netinfo.py
csv now initialized
database now initialized
 - My PC, debug option
   - Istructions: Win32_NetworkClient && Win32_NetworkProtocol
Opened all files and database connected
Start time: 2020-09-28 17:10:42.813214
Running: netinfo.py
csv now initialized
database now initialized
 - My PC, debug option
   - Istructions: Win32_NetworkClient && Win32_NetworkProtocol
Opened all files and database connected
Start time: 2020-09-28 17:11:47.548251
Running: netinfo.py
csv now initialized
database now initialized
 - My PC, debug option
   - Istructions: Win32_NetworkClient && Win32_NetworkProtocol
Opened all files and database connected
Start time: 2020-09-28 17:12:51.622084
Running: netinfo.py
csv now initialized
database now initialized
 - My PC, debug option
   - Istructions: Win32_NetworkClient && Win32_NetworkProtocol
Opened all files and database connected
Start time: 2020-09-28 17:14:12.243098
Running: netinfo.py
csv now initialized
database now initialized
 - My PC, debug option
   - Istructions: Win32_NetworkClient && Win32_NetworkProtocol
Opened all files and database connected
Start time: 2020-09-28 17:15:34.411761
Running: netinfo.py
csv now initialized
database now initialized
 - My PC, debug option
   - Istructions: Win32_NetworkClient && Win32_NetworkProtocol
End time: 2020-09-28 17:15:38.948878
Total time: 0:00:04.537117

Opened all files and database connected
Start time: 2020-09-28 17:16:21.578823
Running: netinfo.py
csv now initialized
database now initialized
 - My PC, debug option
   - Istructions: Win32_NetworkClient && Win32_NetworkProtocol
End time: 2020-09-28 17:16:26.082784
Total time: 0:00:04.503961

Opened all files and database connected
Start time: 2020-09-28 17:17:16.285833
Running: netinfo.py
csv now initialized
database now initialized
 - My PC, debug option
   - Istructions: Win32_NetworkClient && Win32_NetworkProtocol
End time: 2020-09-28 17:17:20.776565
Total time: 0:00:04.490732

Opened all files and database connected
Start time: 2020-09-28 17:23:17.477382
Running: netinfo.py
csv now initialized
database now initialized
 - My PC, debug option
   - Istructions: Win32_NetworkClient && Win32_NetworkProtocol
Opened all files and database connected
Start time: 2020-09-28 17:23:46.837873
Running: netinfo.py
csv now initialized
database now initialized
 - My PC, debug option
   - Istructions: Win32_NetworkClient && Win32_NetworkProtocol
End time: 2020-09-28 17:23:51.288997
Total time: 0:00:04.451124

Opened all files and database connected
Start time: 2020-09-28 17:25:08.631803
Running: netinfo.py
csv now initialized
database now initialized
 - My PC, debug option
   - Istructions: Win32_NetworkClient && Win32_NetworkProtocol
End time: 2020-09-28 17:25:13.134019
Total time: 0:00:04.502216

Opened all files and database connected
Start time: 2020-09-28 17:25:52.374464
Running: netinfo.py
csv now initialized
database now initialized
 - My PC, debug option
   - Istructions: Win32_NetworkClient && Win32_NetworkProtocol
Opened all files and database connected
Start time: 2020-09-28 17:28:39.153765
Running: netinfo.py
csv now initialized
database now initialized
 - My PC, debug option
   - Istructions: Win32_NetworkClient && Win32_NetworkProtocol
Opened all files and database connected
Start time: 2020-09-28 17:29:24.901175
Running: netinfo.py
csv now initialized
database now initialized
 - My PC, debug option
   - Istructions: Win32_NetworkClient && Win32_NetworkProtocol
Opened all files and database connected
Start time: 2020-09-28 17:29:54.563776
Running: netinfo.py
csv now initialized
database now initialized
 - My PC, debug option
   - Istructions: Win32_NetworkClient && Win32_NetworkProtocol
Opened all files and database connected
Start time: 2020-09-28 17:31:57.244640
Running: netinfo.py
csv now initialized
database now initialized
 - My PC, debug option
   - Istructions: Win32_NetworkClient && Win32_NetworkProtocol
Opened all files and database connected
Start time: 2020-09-28 17:32:17.526324
Running: netinfo.py
csv now initialized
database now initialized
 - My PC, debug option
   - Istructions: Win32_NetworkClient && Win32_NetworkProtocol
End time: 2020-09-28 17:32:21.955228
Total time: 0:00:04.428904

Opened all files and database connected
Start time: 2020-09-28 17:35:37.194864
Running: netinfo.py
csv now initialized
database now initialized
 - My PC, debug option
   - Istructions: Win32_NetworkClient && Win32_NetworkProtocol
End time: 2020-09-28 17:35:41.729134
Total time: 0:00:04.534270

Opened all files and database connected
Start time: 2020-09-28 17:36:37.475861
Running: netinfo.py
csv now initialized
database now initialized
 - My PC, debug option
   - Istructions: Win32_NetworkClient && Win32_NetworkProtocol
End time: 2020-09-28 17:36:42.030427
Total time: 0:00:04.554566

Opened all files and database connected
Start time: 2020-09-28 17:37:17.681067
Running: netinfo.py
csv now initialized
database now initialized
 - My PC, debug option
   - Istructions: Win32_NetworkClient && Win32_NetworkProtocol
End time: 2020-09-28 17:37:22.193024
Total time: 0:00:04.511957

Opened all files and database connected
Start time: 2020-09-28 17:39:34.394397
Running: netinfo.py
csv now initialized
database now initialized
 - My PC, debug option
   - Istructions: Win32_NetworkClient && Win32_NetworkProtocol
End time: 2020-09-28 17:39:38.883157
Total time: 0:00:04.489761

Opened all files and database connected
Start time: 2020-09-28 17:40:49.872791
Running: netinfo.py
csv now initialized
database now initialized
 - My PC, debug option
   - Istructions: Win32_NetworkClient && Win32_NetworkProtocol
Opened all files and database connected
Start time: 2020-09-28 17:41:03.782686
Running: netinfo.py
csv now initialized
database now initialized
 - My PC, debug option
   - Istructions: Win32_NetworkClient && Win32_NetworkProtocol
Opened all files and database connected
Start time: 2020-09-28 17:41:21.967592
Running: netinfo.py
csv now initialized
database now initialized
 - My PC, debug option
   - Istructions: Win32_NetworkClient && Win32_NetworkProtocol
End time: 2020-09-28 17:41:26.402205
Total time: 0:00:04.434613

Opened all files and database connected
Start time: 2020-09-28 17:42:30.518179
Running: netinfo.py
csv now initialized
database now initialized
 - My PC, debug option
   - Istructions: Win32_NetworkClient && Win32_NetworkProtocol
End time: 2020-09-28 17:42:35.044754
Total time: 0:00:04.526575

Opened all files and database connected
Start time: 2020-09-28 17:43:07.496830
Running: netinfo.py
csv now initialized
database now initialized
 - My PC, debug option
   - Istructions: Win32_NetworkClient && Win32_NetworkProtocol
End time: 2020-09-28 17:43:11.911965
Total time: 0:00:04.415135

Opened all files and database connected
Start time: 2020-09-28 17:43:32.241688
Running: netinfo.py
csv now initialized
database now initialized
 - My PC, debug option
   - Istructions: Win32_NetworkClient && Win32_NetworkProtocol
Opened all files and database connected
Start time: 2020-09-28 17:44:18.138996
Running: netinfo.py
csv now initialized
database now initialized
 - My PC, debug option
   - Istructions: Win32_NetworkClient && Win32_NetworkProtocol
Opened all files and database connected
Start time: 2020-09-28 17:45:08.645233
Running: netinfo.py
csv now initialized
database now initialized
 - My PC, debug option
   - Istructions: Win32_NetworkClient && Win32_NetworkProtocol
Opened all files and database connected
Start time: 2020-09-28 17:45:27.025025
Running: netinfo.py
csv now initialized
database now initialized
 - My PC, debug option
   - Istructions: Win32_NetworkClient && Win32_NetworkProtocol
End time: 2020-09-28 17:45:31.473913
Total time: 0:00:04.448888

Opened all files and database connected
Start time: 2020-09-28 17:45:46.621854
Running: netinfo.py
csv now initialized
database now initialized
 - My PC, debug option
   - Istructions: Win32_NetworkClient && Win32_NetworkProtocol
Opened all files and database connected
Start time: 2020-09-28 17:46:19.934197
Running: netinfo.py
csv now initialized
database now initialized
 - My PC, debug option
   - Istructions: Win32_NetworkClient && Win32_NetworkProtocol
End time: 2020-09-28 17:46:24.347817
Total time: 0:00:04.413620

Opened all files and database connected
Start time: 2020-09-28 17:46:41.358130
Running: netinfo.py
csv now initialized
database now initialized
 - My PC, debug option
   - Istructions: Win32_NetworkClient && Win32_NetworkProtocol
End time: 2020-09-28 17:46:45.825275
Total time: 0:00:04.467145

Opened all files and database connected
Start time: 2020-09-28 17:47:59.519549
Running: netinfo.py
csv now initialized
database now initialized
 - My PC, debug option
   - Istructions: Win32_NetworkClient && Win32_NetworkProtocol
End time: 2020-09-28 17:48:04.065706
Total time: 0:00:04.546157

Opened all files and database connected
Start time: 2020-09-28 17:48:11.947082
Running: netinfo.py
csv now initialized
database now initialized
 - My PC, debug option
   - Istructions: Win32_NetworkClient && Win32_NetworkProtocol
End time: 2020-09-28 17:48:16.390324
Total time: 0:00:04.443242

Opened all files and database connected
Start time: 2020-09-28 17:52:40.817369
Running: netinfo.py
csv now initialized
database now initialized
 - My PC, debug option
   - Istructions: Win32_NetworkClient && Win32_NetworkProtocol
Opened all files and database connected
Start time: 2020-09-28 17:53:04.379233
Running: netinfo.py
csv now initialized
database now initialized
 - My PC, debug option
   - Istructions: Win32_NetworkClient && Win32_NetworkProtocol
Opened all files and database connected
Start time: 2020-09-28 17:53:30.033422
Running: netinfo.py
csv now initialized
database now initialized
 - My PC, debug option
   - Istructions: Win32_NetworkClient && Win32_NetworkProtocol
Unchecked updated
End time: 2020-09-28 17:53:34.508132
Total time: 0:00:04.474710

Opened all files and database connected
Start time: 2020-09-28 17:55:19.683124
Running: netinfo.py
csv now initialized
database now initialized
 - My PC, debug option
   - Istructions: Win32_NetworkClient && Win32_NetworkProtocol
Unchecked updated
End time: 2020-09-28 17:55:24.202305
Total time: 0:00:04.519181

Opened all files and database connected
Start time: 2020-09-28 17:57:36.551632
Running: netinfo.py
csv now initialized
Opened all files and database connected
Start time: 2020-09-28 17:57:59.181771
Running: netinfo.py
csv now initialized
database now initialized
 - My PC, debug option
   - Istructions: Win32_NetworkClient && Win32_NetworkProtocol
Unchecked updated
Opened all files and database connected
Start time: 2020-09-28 17:59:09.057076
Running: netinfo.py
csv now initialized
database now initialized
 - My PC, debug option
   - Istructions: Win32_NetworkClient && Win32_NetworkProtocol
Unchecked updated
End time: 2020-09-28 17:59:13.595228
Total time: 0:00:04.538152

Opened all files and database connected
Start time: 2020-09-28 17:59:43.827277
Running: netinfo.py
csv now initialized
database now initialized
 - My PC, debug option
   - Istructions: Win32_NetworkClient && Win32_NetworkProtocol
Unchecked updated
End time: 2020-09-28 17:59:48.279040
Total time: 0:00:04.451763

Opened all files opened
Start time: 2020-09-28 18:05:25.041381
Running: netinfo.py
csv now initialized
 - My PC, debug option
   - Istructions: Win32_NetworkClient && Win32_NetworkProtocol
Opened all files opened
Start time: 2020-09-28 18:06:09.353968
Running: netinfo.py
csv now initialized
 - My PC, debug option
   - Istructions: Win32_NetworkClient && Win32_NetworkProtocol
Opened all files opened
Start time: 2020-09-28 18:06:53.791250
Running: netinfo.py
csv now initialized
 - My PC, debug option
   - Istructions: Win32_NetworkClient && Win32_NetworkProtocol
Unchecked updated
Opened all files opened
Start time: 2020-09-28 18:07:36.010455
Running: netinfo.py
csv now initialized
 - My PC, debug option
   - Istructions: Win32_NetworkClient && Win32_NetworkProtocol
Unchecked updated
End time: 2020-09-28 18:07:40.430459
Total time: 0:00:04.420004

Opened all files opened
Start time: 2020-09-28 18:08:15.032613
Running: netinfo.py
csv now initialized
 - My PC, debug option
   - Istructions: Win32_NetworkClient && Win32_NetworkProtocol
Unchecked updated
End time: 2020-09-28 18:08:19.439317
Total time: 0:00:04.406704

Opened all files opened
Start time: 2020-09-28 18:09:17.685848
Running: netinfo.py
csv now initialized
 - DAVIDECASTELLAN
   - Istructions: Win32_NetworkClient && Win32_NetworkProtocol
 - DAVIDECASTELLAN
   - Istructions: Win32_NetworkClient && Win32_NetworkProtocol
 - DAVIDECASTELLAN
   - Istructions: Win32_NetworkClient && Win32_NetworkProtocol
Unchecked updated
End time: 2020-09-28 18:09:37.486054
Total time: 0:00:19.800206

Opened all files opened
Start time: 2020-09-28 18:09:56.525228
Running: netinfo.py
csv now initialized
 - DAVIDECASTELLAN
   - Istructions: Win32_NetworkClient && Win32_NetworkProtocol
 - DAVIDECASTELLAN
   - Istructions: Win32_NetworkClient && Win32_NetworkProtocol
 - DAVIDECASTELLAN
   - Istructions: Win32_NetworkClient && Win32_NetworkProtocol
Unchecked updated
End time: 2020-09-28 18:10:20.749600
Total time: 0:00:24.224372

Opened all files opened
Start time: 2020-09-28 18:11:31.708102
Running: netinfo.py
csv now initialized
 - DAVIDECASTELLAN
   - Istructions: Win32_NetworkClient && Win32_NetworkProtocol
 - DAVIDECASTELLAN
   - Istructions: Win32_NetworkClient && Win32_NetworkProtocol
 - DAVIDECASTELLAN
   - Istructions: Win32_NetworkClient && Win32_NetworkProtocol
Unchecked updated
End time: 2020-09-28 18:11:56.058250
Total time: 0:00:24.350148

Opened all files and database connected
Start time: 2020-09-28 18:18:31.422598
Running: netinfo.py
csv now initialized
database now initialized
 - DAVIDECASTELLAN
   - Istructions: Win32_NetworkClient && Win32_NetworkProtocol
 - DAVIDECASTELLAN
   - Istructions: Win32_NetworkClient && Win32_NetworkProtocol
 - DAVIDECASTELLAN
   - Istructions: Win32_NetworkClient && Win32_NetworkProtocol
Unchecked updated
End time: 2020-09-28 18:18:55.871030
Total time: 0:00:24.448432

Opened all files and database connected
Start time: 2020-10-05 10:46:40.552316
Running: netinfo.py
csv now initialized
csv now initialized
database now initialized
 - DAVIDECASTELLAN
   - Istructions: Win32_NetworkClient && Win32_NetworkProtocol
 - DAVIDECASTELLAN
   - Istructions: Win32_NetworkClient && Win32_NetworkProtocol
 - DAVIDECASTELLAN
   - Istructions: Win32_NetworkClient && Win32_NetworkProtocol
Unchecked updated
End time: 2020-10-05 10:47:05.983603
Total time: 0:00:25.432286

Opened all files and database connected
Start time: 2020-10-15 15:49:05.128834
Running: netinfo.py
csv now initialized
database now initialized
 - DAVIDECASTELLAN
   - Istructions: Win32_NetworkClient && Win32_NetworkProtocol
 - DAVIDECASTELLAN
   - Istructions: Win32_NetworkClient && Win32_NetworkProtocol
 - DAVIDECASTELLAN
   - Istructions: Win32_NetworkClient && Win32_NetworkProtocol
Unchecked updated
End time: 2020-10-15 15:49:30.964476
Total time: 0:00:25.835642

Opened all files and database connected
Start time: 2020-10-15 15:50:26.403084
Running: netinfo.py
csv now initialized
database now initialized
 - localhost
   - Istructions: Win32_NetworkClient && Win32_NetworkProtocol
Unchecked updated
End time: 2020-10-15 15:50:35.932292
Total time: 0:00:09.529208

Opened all files and database connected
Start time: 2020-10-15 15:53:37.570257
Running: netinfo.py
csv now initialized
Opened all files and database connected
Start time: 2020-10-15 15:55:19.964810
Running: netinfo.py
csv now initialized
database now initialized
 - localhost
   - Istructions: Win32_NetworkClient && Win32_NetworkProtocol
Unchecked updated
End time: 2020-10-15 15:55:29.486815
Total time: 0:00:09.522005

Opened all files and database connected
Start time: 2020-10-15 21:30:17.926564
Running: netinfo.py
csv now initialized
csv now initialized
database now initialized
 - localhost
   - Istructions: Win32_NetworkClient && Win32_NetworkProtocol
Unchecked updated
End time: 2020-10-15 21:30:27.735432
Total time: 0:00:09.808868

Opened all files and database connected
Start time: 2020-10-15 21:32:01.539705
Running: netinfo.py
csv now initialized
database now initialized
 - localhost
   - Istructions: Win32_NetworkClient && Win32_NetworkProtocol
Unchecked updated
End time: 2020-10-15 21:32:11.271461
Total time: 0:00:09.731756

Opened all files and database connected
Start time: 2020-10-15 21:34:13.233317
Running: netinfo.py
csv now initialized
csv now initialized
database now initialized
 - localhost
   - Istructions: Win32_NetworkClient && Win32_NetworkProtocol
Unchecked updated
End time: 2020-10-15 21:34:22.952626
Total time: 0:00:09.719309

Opened all files and database connected
Start time: 2020-11-09 09:27:58.444632
Running: netinfo.py
csv now initialized
csv now initialized
database now initialized
 - localhost
   - Istructions: Win32_NetworkClient && Win32_NetworkProtocol
Unchecked updated
End time: 2020-11-09 09:28:08.403096
Total time: 0:00:09.958464

Opened all files and database connected
Start time: 2020-11-09 09:31:52.261824
Running: netinfo.py
csv now initialized
csv now initialized
database now initialized
 - My PC, debug option
   - Istructions: Win32_NetworkClient && Win32_NetworkProtocol
Unchecked updated
End time: 2020-11-09 09:31:57.320858
Total time: 0:00:05.059034

Opened all files and database connected
Start time: 2020-11-09 09:32:57.897772
Running: netinfo.py
csv now initialized
database now initialized
 - My PC, debug option
   - Istructions: Win32_NetworkClient && Win32_NetworkProtocol
Unchecked updated
End time: 2020-11-09 09:33:02.865902
Total time: 0:00:04.968130

Opened all files and database connected
Start time: 2020-11-09 09:33:35.469545
Running: netinfo.py
csv now initialized
database now initialized
 - My PC, debug option
   - Istructions: Win32_NetworkClient && Win32_NetworkProtocol
Unchecked updated
End time: 2020-11-09 09:33:40.316446
Total time: 0:00:04.846901

Opened all files opened
Start time: 2020-11-09 09:35:57.460113
Running: netinfo.py
csv now initialized
 - My PC, debug option
   - Istructions: Win32_NetworkClient && Win32_NetworkProtocol
Unchecked updated
End time: 2020-11-09 09:36:02.050001
Total time: 0:00:04.589888

Opened all files and database connected
Start time: 2020-11-09 09:37:32.626461
Running: netinfo.py
csv now initialized
database now initialized
 - My PC, debug option
   - Istructions: Win32_NetworkClient && Win32_NetworkProtocol
Opened all files and database connected
Start time: 2020-11-09 09:45:14.060213
Running: netinfo.py
csv now initialized
database now initialized
 - My PC, debug option
   - Istructions: Win32_NetworkClient && Win32_NetworkProtocol
Opened all files and database connected
Start time: 2020-11-09 09:48:39.757473
Running: netinfo.py
csv now initialized
database now initialized
 - My PC, debug option
   - Istructions: Win32_NetworkClient && Win32_NetworkProtocol
Opened all files and database connected
Start time: 2020-11-09 09:50:49.118840
Running: netinfo.py
csv now initialized
csv now initialized
database now initialized
 - My PC, debug option
   - Istructions: Win32_NetworkClient && Win32_NetworkProtocol
Opened all files and database connected
Start time: 2020-11-09 15:45:42.036872
Running: netinfo.py
csv now initialized
database now initialized
 - My PC, debug option
   - Istructions: Win32_NetworkClient && Win32_NetworkProtocol
Opened all files and database connected
Start time: 2020-11-09 15:46:49.066741
Running: netinfo.py
csv now initialized
database now initialized
 - My PC, debug option
   - Istructions: Win32_NetworkClient && Win32_NetworkProtocol
Opened all files and database connected
Start time: 2020-11-09 15:47:33.447266
Running: netinfo.py
csv now initialized
database now initialized
 - My PC, debug option
   - Istructions: Win32_NetworkClient && Win32_NetworkProtocol
Opened all files and database connected
Start time: 2020-11-09 15:49:03.939998
Running: netinfo.py
csv now initialized
database now initialized
 - My PC, debug option
   - Istructions: Win32_NetworkClient && Win32_NetworkProtocol
Unchecked updated
End time: 2020-11-09 15:49:08.618904
Total time: 0:00:04.678906

Opened all files and database connected
Start time: 2020-11-09 15:49:42.584492
Running: netinfo.py
csv now initialized
database now initialized
 - My PC, debug option
   - Istructions: Win32_NetworkClient && Win32_NetworkProtocol
   - Istructions: Win32_NetworkClient && Win32_NetworkProtocol
Unchecked updated
End time: 2020-11-09 15:49:47.201072
Total time: 0:00:04.616580

Opened all files and database connected
Start time: 2020-11-09 15:53:50.752194
Running: netinfo.py
csv now initialized
csv now initialized
database now initialized
 - My PC, debug option
   - Istructions: Win32_NetworkClient && Win32_NetworkProtocol
   - Istructions: Win32_NetworkClient && Win32_NetworkProtocol
Unchecked updated
End time: 2020-11-09 15:53:55.496372
Total time: 0:00:04.744178

Opened all files and database connected
Start time: 2020-11-09 15:59:57.535359
Running: netinfo.py
csv now initialized
database now initialized
 - My PC, debug option
   - Istructions: Win32_NetworkClient && Win32_NetworkProtocol
Opened all files and database connected
Start time: 2020-11-09 16:01:04.997929
Running: netinfo.py
csv now initialized
csv now initialized
database now initialized
 - My PC, debug option
   - Istructions: Win32_NetworkClient && Win32_NetworkProtocol
Opened all files and database connected
Start time: 2020-11-09 16:02:24.916817
Running: netinfo.py
csv now initialized
database now initialized
 - My PC, debug option
   - Istructions: Win32_NetworkClient && Win32_NetworkProtocol
   - Istructions: Win32_NetworkClient && Win32_NetworkProtocol
Unchecked updated
End time: 2020-11-09 16:02:29.916562
Total time: 0:00:04.999745

Opened all files and database connected
Start time: 2020-11-09 16:02:53.688586
Running: netinfo.py
csv now initialized
database now initialized
 - localhost
   - Istructions: Win32_NetworkClient && Win32_NetworkProtocol
   - Istructions: Win32_NetworkClient && Win32_NetworkProtocol
Unchecked updated
End time: 2020-11-09 16:03:03.444571
Total time: 0:00:09.755985

Opened all files and database connected
Start time: 2020-11-09 16:05:42.112597
Running: netinfo.py
csv now initialized
database now initialized
 - localhost
   - Istructions: Win32_NetworkClient && Win32_NetworkProtocol
   - Istructions: Win32_NetworkClient && Win32_NetworkProtocol
Unchecked updated
End time: 2020-11-09 16:05:52.027938
Total time: 0:00:09.915341

Opened all files and database connected
Start time: 2020-11-09 16:06:31.049958
Running: netinfo.py
csv now initialized
database now initialized
 - localhost
   - Istructions: Win32_NetworkClient && Win32_NetworkProtocol
   - Istructions: Win32_NetworkClient && Win32_NetworkProtocol
Unchecked updated
End time: 2020-11-09 16:06:40.790531
Total time: 0:00:09.740573

Opened all files and database connected
Start time: 2020-11-09 16:10:44.610755
Running: netinfo.py
csv now initialized
database now initialized
 - localhost
   - Istructions: Win32_NetworkClient && Win32_NetworkProtocol
   - Istructions: Win32_NetworkClient && Win32_NetworkProtocol
Unchecked updated
End time: 2020-11-09 16:10:54.600875
Total time: 0:00:09.990120

Opened all files and database connected
Start time: 2020-11-09 16:21:40.698019
Running: netinfo.py
csv now initialized
csv now initialized
database now initialized
 - localhost
   - Istructions: Win32_NetworkClient && Win32_NetworkProtocol
Unchecked updated
End time: 2020-11-09 16:21:50.515211
Total time: 0:00:09.817192

Opened all files and database connected
Start time: 2020-11-23 17:48:45.314821
Running: netinfo.py
csv now initialized
csv now initialized
database now initialized
 - localhost
   - Istructions: Win32_NetworkClient && Win32_NetworkProtocol
Opened all files and database connected
Start time: 2020-11-23 17:49:55.281608
Running: netinfo.py
csv now initialized
database now initialized
 - localhost
   - Istructions: Win32_NetworkClient && Win32_NetworkProtocol
Unchecked updated
End time: 2020-11-23 17:50:04.771981
Total time: 0:00:09.490373

Opened all files and database connected
Start time: 2020-11-23 17:51:41.054754
Running: netinfo.py
csv now initialized
database now initialized
 - localhost
   - Istructions: Win32_NetworkClient && Win32_NetworkProtocol
Unchecked updated
End time: 2020-11-23 17:51:50.596882
Total time: 0:00:09.542128

