Opened all files and database connected
Start time: 2020-11-23 20:45:42.152680
Running: macaddresssep.py
End time: 2020-11-23 20:45:42.177504
Total time: 0:00:00.024824

Opened all files and database connected
Start time: 2020-11-23 20:46:44.156112
Running: macaddresssep.py
Opened all files and database connected
Start time: 2020-11-23 20:47:45.971533
Running: macaddresssep.py
End time: 2020-11-23 20:47:46.040318
Total time: 0:00:00.068785

Opened all files and database connected
Start time: 2020-11-23 20:48:06.909783
Running: macaddresssep.py
End time: 2020-11-23 20:48:06.947691
Total time: 0:00:00.037908

Opened all files and database connected
Start time: 2020-11-23 20:49:15.962948
Running: macaddresssep.py
End time: 2020-11-23 20:49:16.001878
Total time: 0:00:00.038930

Opened all files and database connected
Start time: 2020-11-23 20:50:12.392994
Running: macaddresssep.py
End time: 2020-11-23 20:50:12.429946
Total time: 0:00:00.036952

Opened all files and database connected
Start time: 2020-11-23 20:50:43.643651
Running: macaddresssep.py
End time: 2020-11-23 20:50:43.679605
Total time: 0:00:00.035954

Opened all files and database connected
Start time: 2020-11-23 20:51:43.294286
Running: macaddresssep.py
End time: 2020-11-23 20:51:43.350095
Total time: 0:00:00.055809

Opened all files and database connected
Start time: 2020-11-23 20:54:12.707158
Running: macaddresssep.py
End time: 2020-11-23 20:54:12.716108
Total time: 0:00:00.008950

