Execution_code,Message,user_friendly_time,time"1613392100.319799","Setup done","2021-02-15 13:28:20.320797","1613392100.320797"
"1613392100.319799","Selected option 1","2021-02-15 13:28:27.446828","1613392107.446828"
"1613392100.319799","Selected numbers: [12, 10]","2021-02-15 13:28:31.008790","1613392111.00879"
"1613392100.319799","Calcolate","2021-02-15 13:28:31.008790","1613392111.00879"
"1613392100.319799","Incremented","2021-02-15 13:28:31.008790","1613392111.00879"
"1613392100.319799","Incremented","2021-02-15 13:28:31.008790","1613392111.00879"
"1613392100.319799","Incremented","2021-02-15 13:28:31.008790","1613392111.00879"
"1613392100.319799","Incremented","2021-02-15 13:28:31.009794","1613392111.009794"
"1613392100.319799","Incremented","2021-02-15 13:28:31.009794","1613392111.009794"
"1613392100.319799","Incremented","2021-02-15 13:28:31.009794","1613392111.009794"
"1613392100.319799","Incremented","2021-02-15 13:28:31.009794","1613392111.009794"
"1613392100.319799","Incremented","2021-02-15 13:28:31.009794","1613392111.009794"
"1613392100.319799","Incremented","2021-02-15 13:28:31.009794","1613392111.009794"
"1613392100.319799","Incremented","2021-02-15 13:28:31.009794","1613392111.009794"
"1613392100.319799","The result is: 22","2021-02-15 13:28:31.014779","1613392111.014779"
"1613392100.319799","Selected option 2","2021-02-15 13:28:32.025015","1613392112.025015"
"1613392100.319799","Selected numbers: [12, 10]","2021-02-15 13:28:34.714665","1613392114.714665"
"1613392100.319799","Calcolate","2021-02-15 13:28:34.714665","1613392114.714665"
"1613392100.319799","Decremented","2021-02-15 13:28:34.714665","1613392114.714665"
"1613392100.319799","Decremented","2021-02-15 13:28:34.714665","1613392114.714665"
"1613392100.319799","Decremented","2021-02-15 13:28:34.714665","1613392114.714665"
"1613392100.319799","Decremented","2021-02-15 13:28:34.714665","1613392114.714665"
"1613392100.319799","Decremented","2021-02-15 13:28:34.714665","1613392114.714665"
"1613392100.319799","Decremented","2021-02-15 13:28:34.714665","1613392114.714665"
"1613392100.319799","Decremented","2021-02-15 13:28:34.714665","1613392114.714665"
"1613392100.319799","Decremented","2021-02-15 13:28:34.714665","1613392114.714665"
"1613392100.319799","Decremented","2021-02-15 13:28:34.714665","1613392114.714665"
"1613392100.319799","Decremented","2021-02-15 13:28:34.714665","1613392114.714665"
"1613392100.319799","The result is: 2","2021-02-15 13:28:34.718965","1613392114.718965"
"1613392100.319799","Selected option 3","2021-02-15 13:28:39.278911","1613392119.278911"
"1613392100.319799","Selected numbers: [12, 10]","2021-02-15 13:28:41.346322","1613392121.346322"
"1613392100.319799","Calcolate","2021-02-15 13:28:41.346322","1613392121.346322"
"1613392100.319799","Incremented","2021-02-15 13:28:41.346322","1613392121.346322"
"1613392100.319799","Incremented","2021-02-15 13:28:41.346322","1613392121.346322"
"1613392100.319799","Incremented","2021-02-15 13:28:41.346322","1613392121.346322"
"1613392100.319799","Incremented","2021-02-15 13:28:41.346322","1613392121.346322"
"1613392100.319799","Incremented","2021-02-15 13:28:41.346322","1613392121.346322"
"1613392100.319799","Incremented","2021-02-15 13:28:41.347326","1613392121.347326"
"1613392100.319799","Incremented","2021-02-15 13:28:41.347326","1613392121.347326"
"1613392100.319799","Incremented","2021-02-15 13:28:41.347326","1613392121.347326"
"1613392100.319799","Incremented","2021-02-15 13:28:41.347326","1613392121.347326"
"1613392100.319799","Incremented","2021-02-15 13:28:41.347326","1613392121.347326"
"1613392100.319799","The partial result is: 10","2021-02-15 13:28:41.351329","1613392121.351329"
"1613392100.319799","Incremented","2021-02-15 13:28:41.351329","1613392121.351329"
"1613392100.319799","Incremented","2021-02-15 13:28:41.351329","1613392121.351329"
"1613392100.319799","Incremented","2021-02-15 13:28:41.351329","1613392121.351329"
"1613392100.319799","Incremented","2021-02-15 13:28:41.351329","1613392121.351329"
"1613392100.319799","Incremented","2021-02-15 13:28:41.351329","1613392121.351329"
"1613392100.319799","Incremented","2021-02-15 13:28:41.351329","1613392121.351329"
"1613392100.319799","Incremented","2021-02-15 13:28:41.351329","1613392121.351329"
"1613392100.319799","Incremented","2021-02-15 13:28:41.351329","1613392121.351329"
"1613392100.319799","Incremented","2021-02-15 13:28:41.351329","1613392121.351329"
"1613392100.319799","Incremented","2021-02-15 13:28:41.351329","1613392121.351329"
"1613392100.319799","The partial result is: 20","2021-02-15 13:28:41.355693","1613392121.355693"
"1613392100.319799","Incremented","2021-02-15 13:28:41.355693","1613392121.355693"
"1613392100.319799","Incremented","2021-02-15 13:28:41.355693","1613392121.355693"
"1613392100.319799","Incremented","2021-02-15 13:28:41.355693","1613392121.355693"
"1613392100.319799","Incremented","2021-02-15 13:28:41.355693","1613392121.355693"
"1613392100.319799","Incremented","2021-02-15 13:28:41.355693","1613392121.355693"
"1613392100.319799","Incremented","2021-02-15 13:28:41.355693","1613392121.355693"
"1613392100.319799","Incremented","2021-02-15 13:28:41.355693","1613392121.355693"
"1613392100.319799","Incremented","2021-02-15 13:28:41.355693","1613392121.355693"
"1613392100.319799","Incremented","2021-02-15 13:28:41.355693","1613392121.355693"
"1613392100.319799","Incremented","2021-02-15 13:28:41.355693","1613392121.355693"
"1613392100.319799","The partial result is: 30","2021-02-15 13:28:41.358207","1613392121.358207"
"1613392100.319799","Incremented","2021-02-15 13:28:41.358207","1613392121.358207"
"1613392100.319799","Incremented","2021-02-15 13:28:41.358207","1613392121.358207"
"1613392100.319799","Incremented","2021-02-15 13:28:41.358207","1613392121.358207"
"1613392100.319799","Incremented","2021-02-15 13:28:41.358207","1613392121.358207"
"1613392100.319799","Incremented","2021-02-15 13:28:41.358207","1613392121.358207"
"1613392100.319799","Incremented","2021-02-15 13:28:41.358207","1613392121.358207"
"1613392100.319799","Incremented","2021-02-15 13:28:41.358207","1613392121.358207"
"1613392100.319799","Incremented","2021-02-15 13:28:41.358207","1613392121.358207"
"1613392100.319799","Incremented","2021-02-15 13:28:41.358207","1613392121.358207"
"1613392100.319799","Incremented","2021-02-15 13:28:41.358207","1613392121.358207"
"1613392100.319799","The partial result is: 40","2021-02-15 13:28:41.360201","1613392121.360201"
"1613392100.319799","Incremented","2021-02-15 13:28:41.360201","1613392121.360201"
"1613392100.319799","Incremented","2021-02-15 13:28:41.360201","1613392121.360201"
"1613392100.319799","Incremented","2021-02-15 13:28:41.360201","1613392121.360201"
"1613392100.319799","Incremented","2021-02-15 13:28:41.360201","1613392121.360201"
"1613392100.319799","Incremented","2021-02-15 13:28:41.360201","1613392121.360201"
"1613392100.319799","Incremented","2021-02-15 13:28:41.360201","1613392121.360201"
"1613392100.319799","Incremented","2021-02-15 13:28:41.360201","1613392121.360201"
"1613392100.319799","Incremented","2021-02-15 13:28:41.360201","1613392121.360201"
"1613392100.319799","Incremented","2021-02-15 13:28:41.360201","1613392121.360201"
"1613392100.319799","Incremented","2021-02-15 13:28:41.360201","1613392121.360201"
"1613392100.319799","The partial result is: 50","2021-02-15 13:28:41.362195","1613392121.362195"
"1613392100.319799","Incremented","2021-02-15 13:28:41.362195","1613392121.362195"
"1613392100.319799","Incremented","2021-02-15 13:28:41.362195","1613392121.362195"
"1613392100.319799","Incremented","2021-02-15 13:28:41.362195","1613392121.362195"
"1613392100.319799","Incremented","2021-02-15 13:28:41.362195","1613392121.362195"
"1613392100.319799","Incremented","2021-02-15 13:28:41.362195","1613392121.362195"
"1613392100.319799","Incremented","2021-02-15 13:28:41.362195","1613392121.362195"
"1613392100.319799","Incremented","2021-02-15 13:28:41.362195","1613392121.362195"
"1613392100.319799","Incremented","2021-02-15 13:28:41.362195","1613392121.362195"
"1613392100.319799","Incremented","2021-02-15 13:28:41.362195","1613392121.362195"
"1613392100.319799","Incremented","2021-02-15 13:28:41.362195","1613392121.362195"
"1613392100.319799","The partial result is: 60","2021-02-15 13:28:41.363685","1613392121.363685"
"1613392100.319799","Incremented","2021-02-15 13:28:41.363685","1613392121.363685"
"1613392100.319799","Incremented","2021-02-15 13:28:41.363685","1613392121.363685"
"1613392100.319799","Incremented","2021-02-15 13:28:41.363685","1613392121.363685"
"1613392100.319799","Incremented","2021-02-15 13:28:41.363685","1613392121.363685"
"1613392100.319799","Incremented","2021-02-15 13:28:41.363685","1613392121.363685"
"1613392100.319799","Incremented","2021-02-15 13:28:41.363685","1613392121.364686"
"1613392100.319799","Incremented","2021-02-15 13:28:41.364686","1613392121.364686"
"1613392100.319799","Incremented","2021-02-15 13:28:41.364686","1613392121.364686"
"1613392100.319799","Incremented","2021-02-15 13:28:41.364686","1613392121.364686"
"1613392100.319799","Incremented","2021-02-15 13:28:41.364686","1613392121.364686"
"1613392100.319799","The partial result is: 70","2021-02-15 13:28:41.365683","1613392121.365683"
"1613392100.319799","Incremented","2021-02-15 13:28:41.365683","1613392121.365683"
"1613392100.319799","Incremented","2021-02-15 13:28:41.365683","1613392121.365683"
"1613392100.319799","Incremented","2021-02-15 13:28:41.365683","1613392121.365683"
"1613392100.319799","Incremented","2021-02-15 13:28:41.365683","1613392121.365683"
"1613392100.319799","Incremented","2021-02-15 13:28:41.365683","1613392121.365683"
"1613392100.319799","Incremented","2021-02-15 13:28:41.366681","1613392121.366681"
"1613392100.319799","Incremented","2021-02-15 13:28:41.366681","1613392121.366681"
"1613392100.319799","Incremented","2021-02-15 13:28:41.366681","1613392121.366681"
"1613392100.319799","Incremented","2021-02-15 13:28:41.366681","1613392121.366681"
"1613392100.319799","Incremented","2021-02-15 13:28:41.366681","1613392121.366681"
"1613392100.319799","The partial result is: 80","2021-02-15 13:28:41.367678","1613392121.367678"
"1613392100.319799","Incremented","2021-02-15 13:28:41.367678","1613392121.367678"
"1613392100.319799","Incremented","2021-02-15 13:28:41.367678","1613392121.367678"
"1613392100.319799","Incremented","2021-02-15 13:28:41.367678","1613392121.367678"
"1613392100.319799","Incremented","2021-02-15 13:28:41.367678","1613392121.367678"
"1613392100.319799","Incremented","2021-02-15 13:28:41.367678","1613392121.367678"
"1613392100.319799","Incremented","2021-02-15 13:28:41.367678","1613392121.367678"
"1613392100.319799","Incremented","2021-02-15 13:28:41.367678","1613392121.367678"
"1613392100.319799","Incremented","2021-02-15 13:28:41.367678","1613392121.367678"
"1613392100.319799","Incremented","2021-02-15 13:28:41.367678","1613392121.367678"
"1613392100.319799","Incremented","2021-02-15 13:28:41.367678","1613392121.367678"
"1613392100.319799","The partial result is: 90","2021-02-15 13:28:41.369672","1613392121.369672"
"1613392100.319799","Incremented","2021-02-15 13:28:41.369672","1613392121.369672"
"1613392100.319799","Incremented","2021-02-15 13:28:41.369672","1613392121.369672"
"1613392100.319799","Incremented","2021-02-15 13:28:41.369672","1613392121.369672"
"1613392100.319799","Incremented","2021-02-15 13:28:41.369672","1613392121.369672"
"1613392100.319799","Incremented","2021-02-15 13:28:41.369672","1613392121.369672"
"1613392100.319799","Incremented","2021-02-15 13:28:41.369672","1613392121.369672"
"1613392100.319799","Incremented","2021-02-15 13:28:41.369672","1613392121.369672"
"1613392100.319799","Incremented","2021-02-15 13:28:41.369672","1613392121.369672"
"1613392100.319799","Incremented","2021-02-15 13:28:41.369672","1613392121.369672"
"1613392100.319799","Incremented","2021-02-15 13:28:41.369672","1613392121.369672"
"1613392100.319799","The partial result is: 100","2021-02-15 13:28:41.370668","1613392121.370668"
"1613392100.319799","Incremented","2021-02-15 13:28:41.370668","1613392121.370668"
"1613392100.319799","Incremented","2021-02-15 13:28:41.370668","1613392121.370668"
"1613392100.319799","Incremented","2021-02-15 13:28:41.370668","1613392121.370668"
"1613392100.319799","Incremented","2021-02-15 13:28:41.370668","1613392121.370668"
"1613392100.319799","Incremented","2021-02-15 13:28:41.370668","1613392121.370668"
"1613392100.319799","Incremented","2021-02-15 13:28:41.370668","1613392121.370668"
"1613392100.319799","Incremented","2021-02-15 13:28:41.370668","1613392121.370668"
"1613392100.319799","Incremented","2021-02-15 13:28:41.370668","1613392121.370668"
"1613392100.319799","Incremented","2021-02-15 13:28:41.370668","1613392121.370668"
"1613392100.319799","Incremented","2021-02-15 13:28:41.370668","1613392121.370668"
"1613392100.319799","The partial result is: 110","2021-02-15 13:28:41.372664","1613392121.372664"
"1613392100.319799","Incremented","2021-02-15 13:28:41.372664","1613392121.372664"
"1613392100.319799","Incremented","2021-02-15 13:28:41.372664","1613392121.372664"
"1613392100.319799","Incremented","2021-02-15 13:28:41.372664","1613392121.372664"
"1613392100.319799","Incremented","2021-02-15 13:28:41.372664","1613392121.372664"
"1613392100.319799","Incremented","2021-02-15 13:28:41.372664","1613392121.372664"
"1613392100.319799","Incremented","2021-02-15 13:28:41.372664","1613392121.372664"
"1613392100.319799","Incremented","2021-02-15 13:28:41.372664","1613392121.372664"
"1613392100.319799","Incremented","2021-02-15 13:28:41.372664","1613392121.372664"
"1613392100.319799","Incremented","2021-02-15 13:28:41.372664","1613392121.372664"
"1613392100.319799","Incremented","2021-02-15 13:28:41.372664","1613392121.372664"
"1613392100.319799","The partial result is: 120","2021-02-15 13:28:41.373667","1613392121.373667"
"1613392100.319799","The result is: 120","2021-02-15 13:28:41.375533","1613392121.375533"
"1613392100.319799","Selected option 4","2021-02-15 13:28:49.495772","1613392129.495772"
"1613392100.319799","Selected numbers: [12, 10]","2021-02-15 13:28:52.736733","1613392132.736733"
"1613392100.319799","Calcolate","2021-02-15 13:28:52.736733","1613392132.736733"
"1613392100.319799","Decremented","2021-02-15 13:28:52.736733","1613392132.736733"
"1613392100.319799","Decremented","2021-02-15 13:28:52.736733","1613392132.736733"
"1613392100.319799","Decremented","2021-02-15 13:28:52.736733","1613392132.736733"
"1613392100.319799","Decremented","2021-02-15 13:28:52.736733","1613392132.736733"
"1613392100.319799","Decremented","2021-02-15 13:28:52.736733","1613392132.736733"
"1613392100.319799","Decremented","2021-02-15 13:28:52.736733","1613392132.736733"
"1613392100.319799","Decremented","2021-02-15 13:28:52.736733","1613392132.736733"
"1613392100.319799","Decremented","2021-02-15 13:28:52.736733","1613392132.736733"
"1613392100.319799","Decremented","2021-02-15 13:28:52.736733","1613392132.736733"
"1613392100.319799","Decremented","2021-02-15 13:28:52.736733","1613392132.736733"
"1613392100.319799","The partial result is: 1","2021-02-15 13:28:52.740725","1613392132.740725"
"1613392100.319799","Decremented","2021-02-15 13:28:52.740725","1613392132.740725"
"1613392100.319799","Decremented","2021-02-15 13:28:52.741723","1613392132.741723"
"1613392100.319799","Decremented","2021-02-15 13:28:52.741723","1613392132.741723"
"1613392100.319799","Decremented","2021-02-15 13:28:52.741723","1613392132.741723"
"1613392100.319799","Decremented","2021-02-15 13:28:52.741723","1613392132.741723"
"1613392100.319799","Decremented","2021-02-15 13:28:52.741723","1613392132.741723"
"1613392100.319799","Decremented","2021-02-15 13:28:52.741723","1613392132.741723"
"1613392100.319799","Decremented","2021-02-15 13:28:52.741723","1613392132.741723"
"1613392100.319799","Decremented","2021-02-15 13:28:52.741723","1613392132.741723"
"1613392100.319799","Decremented","2021-02-15 13:28:52.741723","1613392132.741723"
"1613392100.319799","The partial result is: 1","2021-02-15 13:28:52.744488","1613392132.744488"
"1613392100.319799","The result is: 1","2021-02-15 13:28:52.744488","1613392132.744488"
"1613392100.319799","Selected option 0","2021-02-15 13:28:55.066276","1613392135.066276"
"1613392100.319799","End","2021-02-15 13:28:55.066276","1613392135.066276"
"1613392159.695477","Setup done","2021-02-15 13:29:19.703453","1613392159.703453"
"1613392159.695477","Selected option 0","2021-02-15 13:29:21.589962","1613392161.589962"
"1613392159.695477","End","2021-02-15 13:29:21.589962","1613392161.589962"
"1614328119.564212","Setup done","2021-02-26 09:28:39.572129","1614328119.572129"
"1614328119.564212","Selected option 1","2021-02-26 09:28:46.443008","1614328126.443008"
"1614328119.564212","Selected numbers: [9, 28]","2021-02-26 09:28:55.282980","1614328135.28298"
"1614328119.564212","Calcolate","2021-02-26 09:28:55.282980","1614328135.28298"
"1614328119.564212","Incremented","2021-02-26 09:28:55.282980","1614328135.28298"
"1614328119.564212","Incremented","2021-02-26 09:28:55.283981","1614328135.283981"
"1614328119.564212","Incremented","2021-02-26 09:28:55.283981","1614328135.283981"
"1614328119.564212","Incremented","2021-02-26 09:28:55.283981","1614328135.283981"
"1614328119.564212","Incremented","2021-02-26 09:28:55.283981","1614328135.283981"
"1614328119.564212","Incremented","2021-02-26 09:28:55.283981","1614328135.283981"
"1614328119.564212","Incremented","2021-02-26 09:28:55.283981","1614328135.283981"
"1614328119.564212","Incremented","2021-02-26 09:28:55.283981","1614328135.283981"
"1614328119.564212","Incremented","2021-02-26 09:28:55.284975","1614328135.284975"
"1614328119.564212","Incremented","2021-02-26 09:28:55.284975","1614328135.284975"
"1614328119.564212","Incremented","2021-02-26 09:28:55.284975","1614328135.284975"
"1614328119.564212","Incremented","2021-02-26 09:28:55.284975","1614328135.284975"
"1614328119.564212","Incremented","2021-02-26 09:28:55.284975","1614328135.284975"
"1614328119.564212","Incremented","2021-02-26 09:28:55.284975","1614328135.284975"
"1614328119.564212","Incremented","2021-02-26 09:28:55.284975","1614328135.284975"
"1614328119.564212","Incremented","2021-02-26 09:28:55.284975","1614328135.284975"
"1614328119.564212","Incremented","2021-02-26 09:28:55.284975","1614328135.284975"
"1614328119.564212","Incremented","2021-02-26 09:28:55.284975","1614328135.284975"
"1614328119.564212","Incremented","2021-02-26 09:28:55.284975","1614328135.284975"
"1614328119.564212","Incremented","2021-02-26 09:28:55.284975","1614328135.284975"
"1614328119.564212","Incremented","2021-02-26 09:28:55.284975","1614328135.284975"
"1614328119.564212","Incremented","2021-02-26 09:28:55.285973","1614328135.285973"
"1614328119.564212","Incremented","2021-02-26 09:28:55.286050","1614328135.28605"
"1614328119.564212","Incremented","2021-02-26 09:28:55.286050","1614328135.28605"
"1614328119.564212","Incremented","2021-02-26 09:28:55.286050","1614328135.28605"
"1614328119.564212","Incremented","2021-02-26 09:28:55.286050","1614328135.28605"
"1614328119.564212","Incremented","2021-02-26 09:28:55.286050","1614328135.28605"
"1614328119.564212","Incremented","2021-02-26 09:28:55.286050","1614328135.28605"
"1614328119.564212","The result is: 37","2021-02-26 09:28:55.295944","1614328135.295944"
"1614328119.564212","Selected option 3","2021-02-26 09:29:41.453137","1614328181.453137"
"1614328119.564212","Selected numbers: [20, 10]","2021-02-26 09:29:50.049710","1614328190.04971"
"1614328119.564212","Calcolate","2021-02-26 09:29:50.049710","1614328190.04971"
"1614328119.564212","Incremented","2021-02-26 09:29:50.049710","1614328190.04971"
"1614328119.564212","Incremented","2021-02-26 09:29:50.049710","1614328190.04971"
"1614328119.564212","Incremented","2021-02-26 09:29:50.049710","1614328190.04971"
"1614328119.564212","Incremented","2021-02-26 09:29:50.049710","1614328190.04971"
"1614328119.564212","Incremented","2021-02-26 09:29:50.049710","1614328190.04971"
"1614328119.564212","Incremented","2021-02-26 09:29:50.049710","1614328190.04971"
"1614328119.564212","Incremented","2021-02-26 09:29:50.049710","1614328190.04971"
"1614328119.564212","Incremented","2021-02-26 09:29:50.049710","1614328190.04971"
"1614328119.564212","Incremented","2021-02-26 09:29:50.049710","1614328190.04971"
"1614328119.564212","Incremented","2021-02-26 09:29:50.049710","1614328190.04971"
"1614328119.564212","The partial result is: 10","2021-02-26 09:29:50.053840","1614328190.05384"
"1614328119.564212","Incremented","2021-02-26 09:29:50.053840","1614328190.05384"
"1614328119.564212","Incremented","2021-02-26 09:29:50.053840","1614328190.05384"
"1614328119.564212","Incremented","2021-02-26 09:29:50.053840","1614328190.05384"
"1614328119.564212","Incremented","2021-02-26 09:29:50.053840","1614328190.05384"
"1614328119.564212","Incremented","2021-02-26 09:29:50.053840","1614328190.05384"
"1614328119.564212","Incremented","2021-02-26 09:29:50.053840","1614328190.05384"
"1614328119.564212","Incremented","2021-02-26 09:29:50.053840","1614328190.05384"
"1614328119.564212","Incremented","2021-02-26 09:29:50.053840","1614328190.05384"
"1614328119.564212","Incremented","2021-02-26 09:29:50.053840","1614328190.05384"
"1614328119.564212","Incremented","2021-02-26 09:29:50.053840","1614328190.05384"
"1614328119.564212","The partial result is: 20","2021-02-26 09:29:50.056831","1614328190.056831"
"1614328119.564212","Incremented","2021-02-26 09:29:50.056831","1614328190.056831"
"1614328119.564212","Incremented","2021-02-26 09:29:50.056831","1614328190.056831"
"1614328119.564212","Incremented","2021-02-26 09:29:50.056831","1614328190.056831"
"1614328119.564212","Incremented","2021-02-26 09:29:50.056831","1614328190.056831"
"1614328119.564212","Incremented","2021-02-26 09:29:50.056831","1614328190.056831"
"1614328119.564212","Incremented","2021-02-26 09:29:50.056831","1614328190.056831"
"1614328119.564212","Incremented","2021-02-26 09:29:50.056831","1614328190.056831"
"1614328119.564212","Incremented","2021-02-26 09:29:50.056831","1614328190.056831"
"1614328119.564212","Incremented","2021-02-26 09:29:50.056831","1614328190.056831"
"1614328119.564212","Incremented","2021-02-26 09:29:50.056831","1614328190.056831"
"1614328119.564212","The partial result is: 30","2021-02-26 09:29:50.060820","1614328190.06082"
"1614328119.564212","Incremented","2021-02-26 09:29:50.060820","1614328190.06082"
"1614328119.564212","Incremented","2021-02-26 09:29:50.060820","1614328190.06082"
"1614328119.564212","Incremented","2021-02-26 09:29:50.060820","1614328190.06082"
"1614328119.564212","Incremented","2021-02-26 09:29:50.060820","1614328190.06082"
"1614328119.564212","Incremented","2021-02-26 09:29:50.060820","1614328190.06082"
"1614328119.564212","Incremented","2021-02-26 09:29:50.060820","1614328190.06082"
"1614328119.564212","Incremented","2021-02-26 09:29:50.060820","1614328190.06082"
"1614328119.564212","Incremented","2021-02-26 09:29:50.060820","1614328190.06082"
"1614328119.564212","Incremented","2021-02-26 09:29:50.060820","1614328190.06082"
"1614328119.564212","Incremented","2021-02-26 09:29:50.060820","1614328190.06082"
"1614328119.564212","The partial result is: 40","2021-02-26 09:29:50.064827","1614328190.064827"
"1614328119.564212","Incremented","2021-02-26 09:29:50.064827","1614328190.064827"
"1614328119.564212","Incremented","2021-02-26 09:29:50.064827","1614328190.064827"
"1614328119.564212","Incremented","2021-02-26 09:29:50.064827","1614328190.064827"
"1614328119.564212","Incremented","2021-02-26 09:29:50.064827","1614328190.064827"
"1614328119.564212","Incremented","2021-02-26 09:29:50.064827","1614328190.064827"
"1614328119.564212","Incremented","2021-02-26 09:29:50.064827","1614328190.064827"
"1614328119.564212","Incremented","2021-02-26 09:29:50.064827","1614328190.064827"
"1614328119.564212","Incremented","2021-02-26 09:29:50.064827","1614328190.064827"
"1614328119.564212","Incremented","2021-02-26 09:29:50.064827","1614328190.064827"
"1614328119.564212","Incremented","2021-02-26 09:29:50.064827","1614328190.064827"
"1614328119.564212","The partial result is: 50","2021-02-26 09:29:50.069795","1614328190.069795"
"1614328119.564212","Incremented","2021-02-26 09:29:50.069795","1614328190.069795"
"1614328119.564212","Incremented","2021-02-26 09:29:50.069795","1614328190.069795"
"1614328119.564212","Incremented","2021-02-26 09:29:50.069795","1614328190.069795"
"1614328119.564212","Incremented","2021-02-26 09:29:50.069795","1614328190.069795"
"1614328119.564212","Incremented","2021-02-26 09:29:50.069795","1614328190.069795"
"1614328119.564212","Incremented","2021-02-26 09:29:50.069795","1614328190.069795"
"1614328119.564212","Incremented","2021-02-26 09:29:50.069795","1614328190.069795"
"1614328119.564212","Incremented","2021-02-26 09:29:50.069795","1614328190.069795"
"1614328119.564212","Incremented","2021-02-26 09:29:50.069795","1614328190.069795"
"1614328119.564212","Incremented","2021-02-26 09:29:50.069795","1614328190.069795"
"1614328119.564212","The partial result is: 60","2021-02-26 09:29:50.073835","1614328190.073835"
"1614328119.564212","Incremented","2021-02-26 09:29:50.073835","1614328190.073835"
"1614328119.564212","Incremented","2021-02-26 09:29:50.073835","1614328190.073835"
"1614328119.564212","Incremented","2021-02-26 09:29:50.073835","1614328190.073835"
"1614328119.564212","Incremented","2021-02-26 09:29:50.073835","1614328190.073835"
"1614328119.564212","Incremented","2021-02-26 09:29:50.073835","1614328190.073835"
"1614328119.564212","Incremented","2021-02-26 09:29:50.073835","1614328190.073835"
"1614328119.564212","Incremented","2021-02-26 09:29:50.073835","1614328190.073835"
"1614328119.564212","Incremented","2021-02-26 09:29:50.073835","1614328190.073835"
"1614328119.564212","Incremented","2021-02-26 09:29:50.073835","1614328190.073835"
"1614328119.564212","Incremented","2021-02-26 09:29:50.073835","1614328190.073835"
"1614328119.564212","The partial result is: 70","2021-02-26 09:29:50.077779","1614328190.077779"
"1614328119.564212","Incremented","2021-02-26 09:29:50.077779","1614328190.077779"
"1614328119.564212","Incremented","2021-02-26 09:29:50.077779","1614328190.077779"
"1614328119.564212","Incremented","2021-02-26 09:29:50.077779","1614328190.077779"
"1614328119.564212","Incremented","2021-02-26 09:29:50.077779","1614328190.077779"
"1614328119.564212","Incremented","2021-02-26 09:29:50.077779","1614328190.077779"
"1614328119.564212","Incremented","2021-02-26 09:29:50.077779","1614328190.077779"
"1614328119.564212","Incremented","2021-02-26 09:29:50.077779","1614328190.077779"
"1614328119.564212","Incremented","2021-02-26 09:29:50.077779","1614328190.077779"
"1614328119.564212","Incremented","2021-02-26 09:29:50.077779","1614328190.077779"
"1614328119.564212","Incremented","2021-02-26 09:29:50.077779","1614328190.077779"
"1614328119.564212","The partial result is: 80","2021-02-26 09:29:50.080766","1614328190.080766"
"1614328119.564212","Incremented","2021-02-26 09:29:50.080766","1614328190.080766"
"1614328119.564212","Incremented","2021-02-26 09:29:50.080766","1614328190.080766"
"1614328119.564212","Incremented","2021-02-26 09:29:50.080766","1614328190.080766"
"1614328119.564212","Incremented","2021-02-26 09:29:50.080766","1614328190.080766"
"1614328119.564212","Incremented","2021-02-26 09:29:50.080766","1614328190.080766"
"1614328119.564212","Incremented","2021-02-26 09:29:50.080766","1614328190.080766"
"1614328119.564212","Incremented","2021-02-26 09:29:50.080766","1614328190.080766"
"1614328119.564212","Incremented","2021-02-26 09:29:50.080766","1614328190.080766"
"1614328119.564212","Incremented","2021-02-26 09:29:50.080766","1614328190.080766"
"1614328119.564212","Incremented","2021-02-26 09:29:50.080766","1614328190.080766"
"1614328119.564212","The partial result is: 90","2021-02-26 09:29:50.084746","1614328190.084746"
"1614328119.564212","Incremented","2021-02-26 09:29:50.084746","1614328190.084746"
"1614328119.564212","Incremented","2021-02-26 09:29:50.084746","1614328190.084746"
"1614328119.564212","Incremented","2021-02-26 09:29:50.084746","1614328190.084746"
"1614328119.564212","Incremented","2021-02-26 09:29:50.084746","1614328190.084746"
"1614328119.564212","Incremented","2021-02-26 09:29:50.084746","1614328190.084746"
"1614328119.564212","Incremented","2021-02-26 09:29:50.084746","1614328190.084746"
"1614328119.564212","Incremented","2021-02-26 09:29:50.084746","1614328190.084746"
"1614328119.564212","Incremented","2021-02-26 09:29:50.084746","1614328190.084746"
"1614328119.564212","Incremented","2021-02-26 09:29:50.084746","1614328190.084746"
"1614328119.564212","Incremented","2021-02-26 09:29:50.084746","1614328190.084746"
"1614328119.564212","The partial result is: 100","2021-02-26 09:29:50.088734","1614328190.088734"
"1614328119.564212","Incremented","2021-02-26 09:29:50.088734","1614328190.088734"
"1614328119.564212","Incremented","2021-02-26 09:29:50.088734","1614328190.088734"
"1614328119.564212","Incremented","2021-02-26 09:29:50.088734","1614328190.088734"
"1614328119.564212","Incremented","2021-02-26 09:29:50.088734","1614328190.088734"
"1614328119.564212","Incremented","2021-02-26 09:29:50.088734","1614328190.088734"
"1614328119.564212","Incremented","2021-02-26 09:29:50.088734","1614328190.088734"
"1614328119.564212","Incremented","2021-02-26 09:29:50.088734","1614328190.088734"
"1614328119.564212","Incremented","2021-02-26 09:29:50.088734","1614328190.088734"
"1614328119.564212","Incremented","2021-02-26 09:29:50.088734","1614328190.088734"
"1614328119.564212","Incremented","2021-02-26 09:29:50.088734","1614328190.088734"
"1614328119.564212","The partial result is: 110","2021-02-26 09:29:50.090728","1614328190.090728"
"1614328119.564212","Incremented","2021-02-26 09:29:50.090728","1614328190.090728"
"1614328119.564212","Incremented","2021-02-26 09:29:50.090728","1614328190.090728"
"1614328119.564212","Incremented","2021-02-26 09:29:50.090728","1614328190.090728"
"1614328119.564212","Incremented","2021-02-26 09:29:50.090728","1614328190.090728"
"1614328119.564212","Incremented","2021-02-26 09:29:50.090728","1614328190.090728"
"1614328119.564212","Incremented","2021-02-26 09:29:50.090728","1614328190.090728"
"1614328119.564212","Incremented","2021-02-26 09:29:50.090728","1614328190.090728"
"1614328119.564212","Incremented","2021-02-26 09:29:50.090728","1614328190.090728"
"1614328119.564212","Incremented","2021-02-26 09:29:50.090728","1614328190.090728"
"1614328119.564212","Incremented","2021-02-26 09:29:50.090728","1614328190.090728"
"1614328119.564212","The partial result is: 120","2021-02-26 09:29:50.093727","1614328190.093727"
"1614328119.564212","Incremented","2021-02-26 09:29:50.093727","1614328190.093727"
"1614328119.564212","Incremented","2021-02-26 09:29:50.093727","1614328190.093727"
"1614328119.564212","Incremented","2021-02-26 09:29:50.093727","1614328190.093727"
"1614328119.564212","Incremented","2021-02-26 09:29:50.093727","1614328190.093727"
"1614328119.564212","Incremented","2021-02-26 09:29:50.093727","1614328190.093727"
"1614328119.564212","Incremented","2021-02-26 09:29:50.093727","1614328190.093727"
"1614328119.564212","Incremented","2021-02-26 09:29:50.094739","1614328190.094739"
"1614328119.564212","Incremented","2021-02-26 09:29:50.094739","1614328190.094739"
"1614328119.564212","Incremented","2021-02-26 09:29:50.094739","1614328190.094739"
"1614328119.564212","Incremented","2021-02-26 09:29:50.094739","1614328190.094739"
"1614328119.564212","The partial result is: 130","2021-02-26 09:29:50.096711","1614328190.096711"
"1614328119.564212","Incremented","2021-02-26 09:29:50.096711","1614328190.096711"
"1614328119.564212","Incremented","2021-02-26 09:29:50.096711","1614328190.096711"
"1614328119.564212","Incremented","2021-02-26 09:29:50.096711","1614328190.096711"
"1614328119.564212","Incremented","2021-02-26 09:29:50.096711","1614328190.096711"
"1614328119.564212","Incremented","2021-02-26 09:29:50.096711","1614328190.096711"
"1614328119.564212","Incremented","2021-02-26 09:29:50.096711","1614328190.096711"
"1614328119.564212","Incremented","2021-02-26 09:29:50.096711","1614328190.096711"
"1614328119.564212","Incremented","2021-02-26 09:29:50.096711","1614328190.096711"
"1614328119.564212","Incremented","2021-02-26 09:29:50.097710","1614328190.09771"
"1614328119.564212","Incremented","2021-02-26 09:29:50.097710","1614328190.09771"
"1614328119.564212","The partial result is: 140","2021-02-26 09:29:50.098708","1614328190.098708"
"1614328119.564212","Incremented","2021-02-26 09:29:50.098708","1614328190.098708"
"1614328119.564212","Incremented","2021-02-26 09:29:50.098708","1614328190.098708"
"1614328119.564212","Incremented","2021-02-26 09:29:50.098708","1614328190.098708"
"1614328119.564212","Incremented","2021-02-26 09:29:50.098708","1614328190.098708"
"1614328119.564212","Incremented","2021-02-26 09:29:50.098708","1614328190.098708"
"1614328119.564212","Incremented","2021-02-26 09:29:50.098708","1614328190.098708"
"1614328119.564212","Incremented","2021-02-26 09:29:50.098708","1614328190.098708"
"1614328119.564212","Incremented","2021-02-26 09:29:50.098708","1614328190.098708"
"1614328119.564212","Incremented","2021-02-26 09:29:50.098708","1614328190.098708"
"1614328119.564212","Incremented","2021-02-26 09:29:50.098708","1614328190.098708"
"1614328119.564212","The partial result is: 150","2021-02-26 09:29:50.100703","1614328190.100703"
"1614328119.564212","Incremented","2021-02-26 09:29:50.100703","1614328190.100703"
"1614328119.564212","Incremented","2021-02-26 09:29:50.100703","1614328190.100703"
"1614328119.564212","Incremented","2021-02-26 09:29:50.100703","1614328190.100703"
"1614328119.564212","Incremented","2021-02-26 09:29:50.100703","1614328190.100703"
"1614328119.564212","Incremented","2021-02-26 09:29:50.100703","1614328190.100703"
"1614328119.564212","Incremented","2021-02-26 09:29:50.100703","1614328190.100703"
"1614328119.564212","Incremented","2021-02-26 09:29:50.100703","1614328190.100703"
"1614328119.564212","Incremented","2021-02-26 09:29:50.100703","1614328190.100703"
"1614328119.564212","Incremented","2021-02-26 09:29:50.100703","1614328190.100703"
"1614328119.564212","Incremented","2021-02-26 09:29:50.100703","1614328190.100703"
"1614328119.564212","The partial result is: 160","2021-02-26 09:29:50.102696","1614328190.102696"
"1614328119.564212","Incremented","2021-02-26 09:29:50.102696","1614328190.102696"
"1614328119.564212","Incremented","2021-02-26 09:29:50.102696","1614328190.102696"
"1614328119.564212","Incremented","2021-02-26 09:29:50.102696","1614328190.102696"
"1614328119.564212","Incremented","2021-02-26 09:29:50.102696","1614328190.102696"
"1614328119.564212","Incremented","2021-02-26 09:29:50.102696","1614328190.102696"
"1614328119.564212","Incremented","2021-02-26 09:29:50.102696","1614328190.102696"
"1614328119.564212","Incremented","2021-02-26 09:29:50.102696","1614328190.102696"
"1614328119.564212","Incremented","2021-02-26 09:29:50.102696","1614328190.102696"
"1614328119.564212","Incremented","2021-02-26 09:29:50.102696","1614328190.102696"
"1614328119.564212","Incremented","2021-02-26 09:29:50.102696","1614328190.102696"
"1614328119.564212","The partial result is: 170","2021-02-26 09:29:50.104692","1614328190.104692"
"1614328119.564212","Incremented","2021-02-26 09:29:50.104692","1614328190.104692"
"1614328119.564212","Incremented","2021-02-26 09:29:50.104692","1614328190.104692"
"1614328119.564212","Incremented","2021-02-26 09:29:50.104692","1614328190.104692"
"1614328119.564212","Incremented","2021-02-26 09:29:50.105690","1614328190.10569"
"1614328119.564212","Incremented","2021-02-26 09:29:50.105690","1614328190.10569"
"1614328119.564212","Incremented","2021-02-26 09:29:50.105690","1614328190.10569"
"1614328119.564212","Incremented","2021-02-26 09:29:50.105690","1614328190.10569"
"1614328119.564212","Incremented","2021-02-26 09:29:50.105690","1614328190.10569"
"1614328119.564212","Incremented","2021-02-26 09:29:50.105690","1614328190.10569"
"1614328119.564212","Incremented","2021-02-26 09:29:50.105690","1614328190.10569"
"1614328119.564212","The partial result is: 180","2021-02-26 09:29:50.108679","1614328190.108679"
"1614328119.564212","Incremented","2021-02-26 09:29:50.108679","1614328190.108679"
"1614328119.564212","Incremented","2021-02-26 09:29:50.108679","1614328190.108679"
"1614328119.564212","Incremented","2021-02-26 09:29:50.108679","1614328190.108679"
"1614328119.564212","Incremented","2021-02-26 09:29:50.108679","1614328190.108679"
"1614328119.564212","Incremented","2021-02-26 09:29:50.108679","1614328190.108679"
"1614328119.564212","Incremented","2021-02-26 09:29:50.108679","1614328190.108679"
"1614328119.564212","Incremented","2021-02-26 09:29:50.108679","1614328190.108679"
"1614328119.564212","Incremented","2021-02-26 09:29:50.108679","1614328190.108679"
"1614328119.564212","Incremented","2021-02-26 09:29:50.108679","1614328190.108679"
"1614328119.564212","Incremented","2021-02-26 09:29:50.108679","1614328190.108679"
"1614328119.564212","The partial result is: 190","2021-02-26 09:29:50.111672","1614328190.111672"
"1614328119.564212","Incremented","2021-02-26 09:29:50.111672","1614328190.111672"
"1614328119.564212","Incremented","2021-02-26 09:29:50.111672","1614328190.111672"
"1614328119.564212","Incremented","2021-02-26 09:29:50.111672","1614328190.111672"
"1614328119.564212","Incremented","2021-02-26 09:29:50.111672","1614328190.111672"
"1614328119.564212","Incremented","2021-02-26 09:29:50.111672","1614328190.111672"
"1614328119.564212","Incremented","2021-02-26 09:29:50.111672","1614328190.111672"
"1614328119.564212","Incremented","2021-02-26 09:29:50.111672","1614328190.111672"
"1614328119.564212","Incremented","2021-02-26 09:29:50.111672","1614328190.111672"
"1614328119.564212","Incremented","2021-02-26 09:29:50.111672","1614328190.111672"
"1614328119.564212","Incremented","2021-02-26 09:29:50.111672","1614328190.111672"
"1614328119.564212","The partial result is: 200","2021-02-26 09:29:50.115047","1614328190.115047"
"1614328119.564212","The result is: 200","2021-02-26 09:29:50.121576","1614328190.121576"
"1614328119.564212","Selected option 0","2021-02-26 09:29:55.007545","1614328195.007545"
"1614328119.564212","End","2021-02-26 09:29:55.007545","1614328195.007545"
